04/Dec/2024 12:11:28  An automatic adaptive mesh refinement sample has been added since none was
                      defined yet.
                      
                      ------------------------------------------------------------------------------
04/Dec/2024 12:11:29  Units settings: 
                      
                        Dimensions: mm
                        Frequency:  MHz
                        Time:       ns
                      
                      ------------------------------------------------------------------------------
04/Dec/2024 12:11:29  Boundary conditions: 
                      
                        YZsymmetry: none
                        XZsymmetry: none
                        XYsymmetry: none
                      
                        Xmin: expanded open
                        Xmax: expanded open
                      
                        Ymin: expanded open
                        Ymax: expanded open
                      
                        Zmin: expanded open
                        Zmax: expanded open
                      
                      ------------------------------------------------------------------------------
04/Dec/2024 12:11:29  Order settings: 
                      
                        Solver order   : 2nd (constant)
                        Curved elements: up to order 3 (automatic)
                      
                      ------------------------------------------------------------------------------
04/Dec/2024 12:11:29    Mesh time                :	20 s
                      
                      
                      ------------------------------------------------------------------------------
04/Dec/2024 12:11:29  
                      ================================================================================
                      Frequency Domain Solver calculation cycle started
                      
                      ------------------------------------------------------------------------------
04/Dec/2024 12:11:29  Solver started at: 12:11 PM Wednesday, 04. December 2024 (Hora estándar de Argentina)
                      
                        Module:  Frequency Domain: S-Parameter (Win 64)
                        Version: 2022.4 Release from 2022-04-26 (change 967892)
                      
                      ------------------------------------------------------------------------------
04/Dec/2024 12:11:29    Calculation 1 of 1 (Frequency: 1500 MHz)
                      
                      
                      ------------------------------------------------------------------------------
04/Dec/2024 12:11:29  Using electric shielding for port 1.
                      
                      ------------------------------------------------------------------------------
04/Dec/2024 12:11:33    ----------------------------------------------------------------------------
                        Port   Mode   Type        Z-Wave        Z-Wave-Sigma  Z-Line        F-Cutoff
                        1      1      QTEM        222           22.1          44.2          ---
                        ----------------------------------------------------------------------------
                      
                      
                      ------------------------------------------------------------------------------
04/Dec/2024 12:11:33  The wavelength based mesh refinement has been applied to 3.2% of all mesh edges.
                      
                      ------------------------------------------------------------------------------
04/Dec/2024 12:11:34  Adaptive mesh refinement pass 1
                      
                      ------------------------------------------------------------------------------
04/Dec/2024 12:11:37    Matrix setup time        :	0 s
                        Solver setup             :	1 s
                        Degrees of freedom       :	67809
                        Number of mesh cells     :	9948
                      
                        Stimulation port         :	1
                        Mode number              :	1
                        Accuracy                 :	5.75852e-05
                        Iterations               :	95
                        Solver time              :	2 s
                      
                      
                      ------------------------------------------------------------------------------
04/Dec/2024 12:11:37  *** Warning ***
                      
04/Dec/2024 12:11:37  The input reflection seems to be large at 1500 MHz. A constant mesh adaptation sample will not be changed.  More...
                      
                      ------------------------------------------------------------------------------
04/Dec/2024 12:11:37  29% of all mesh edges seem to be longer than expected. The adaptive mesh refinement's growth limitation will therefore 
                      use 27742 instead of 8380 mesh cells as a reference.
                      
                      ------------------------------------------------------------------------------
04/Dec/2024 12:11:37  The wavelength based mesh refinement has been applied to 0.2% of all mesh edges.
                      
                      ------------------------------------------------------------------------------
04/Dec/2024 12:11:38  Adaptive mesh refinement pass 2
                      
                      ------------------------------------------------------------------------------
04/Dec/2024 12:11:41    Matrix setup time        :	1 s
                        Degrees of freedom       :	81333
                        Number of mesh cells     :	11981
                      
                        Stimulation port         :	1
                        Mode number              :	1
                        Accuracy                 :	9.14692e-05
                        Iterations               :	45
                        Solver time              :	2 s
                      
                      
                      ------------------------------------------------------------------------------
04/Dec/2024 12:11:41    Delta calculation        
04/Dec/2024 12:11:41    All S-Parameters         :	0.372646

                      ------------------------------------------------------------------------------
04/Dec/2024 12:11:42  Adaptive mesh refinement pass 3
                      
                      ------------------------------------------------------------------------------
04/Dec/2024 12:11:45    Matrix setup time        :	0 s
                        Solver setup             :	1 s
                        Degrees of freedom       :	97855
                        Number of mesh cells     :	14467
                      
                        Stimulation port         :	1
                        Mode number              :	1
                        Accuracy                 :	8.96306e-05
                        Iterations               :	63
                        Solver time              :	2 s
                      
                      
                      ------------------------------------------------------------------------------
04/Dec/2024 12:11:45    Delta calculation        
04/Dec/2024 12:11:45    All S-Parameters         :	0.0669231

                      ------------------------------------------------------------------------------
04/Dec/2024 12:11:46  Adaptive mesh refinement pass 4
                      
                      ------------------------------------------------------------------------------
04/Dec/2024 12:11:50    Matrix setup time        :	1 s
                        Degrees of freedom       :	116381
                        Number of mesh cells     :	17271
                      
                        Stimulation port         :	1
                        Mode number              :	1
                        Accuracy                 :	9.89152e-05
                        Iterations               :	53
                        Solver time              :	3 s
                      
                      
                      ------------------------------------------------------------------------------
04/Dec/2024 12:11:50    Delta calculation        
04/Dec/2024 12:11:50    All S-Parameters         :	0.0143813

                      ------------------------------------------------------------------------------
04/Dec/2024 12:11:50  Mesh adaptation terminated because the desired accuracy limit is reached.
                      
                      ------------------------------------------------------------------------------
04/Dec/2024 12:11:50    Total time               :	21 s
                      
                      ------------------------------------------------------------------------------

                      ------------------------------------------------------------------------------
04/Dec/2024 12:11:50    Calculation 2 (Frequency: 500 MHz)
                      
                      
                      ------------------------------------------------------------------------------
04/Dec/2024 12:11:50    ----------------------------------------------------------------------------
                        Port   Mode   Type        Z-Wave        Z-Wave-Sigma  Z-Line        F-Cutoff
                        1      1      QTEM        222           21.1          44.4          ---
                        ----------------------------------------------------------------------------
                      
                      
                      ------------------------------------------------------------------------------
04/Dec/2024 12:11:53    Matrix setup time        :	1 s
                        Degrees of freedom       :	116381
                        Number of mesh cells     :	17271
                      
                        Stimulation port         :	1
                        Mode number              :	1
                        Accuracy                 :	6.84996e-05
                        Iterations               :	44
                        Solver time              :	2 s
                      
                      
                      ------------------------------------------------------------------------------
04/Dec/2024 12:11:53    Total time               :	3 s
                      
                      ------------------------------------------------------------------------------

                      ------------------------------------------------------------------------------
04/Dec/2024 12:11:53    Calculation 3 (Frequency: 750 MHz)
                      
                      
                      ------------------------------------------------------------------------------
04/Dec/2024 12:11:53    ----------------------------------------------------------------------------
                        Port   Mode   Type        Z-Wave        Z-Wave-Sigma  Z-Line        F-Cutoff
                        1      1      QTEM        223           21.6          44.3          ---
                        ----------------------------------------------------------------------------
                      
                      
                      ------------------------------------------------------------------------------
04/Dec/2024 12:11:56    Matrix setup time        :	1 s
                        Degrees of freedom       :	116381
                        Number of mesh cells     :	17271
                      
                        Stimulation port         :	1
                        Mode number              :	1
                        Accuracy                 :	8.73103e-05
                        Iterations               :	40
                        Solver time              :	2 s
                      
                      
                      ------------------------------------------------------------------------------
04/Dec/2024 12:11:56    Total time               :	3 s
                      
                      ------------------------------------------------------------------------------

                      ------------------------------------------------------------------------------
04/Dec/2024 12:11:56    Calculation 4 (Frequency: 824 MHz)
                      
                      
                      ------------------------------------------------------------------------------
04/Dec/2024 12:11:56    ----------------------------------------------------------------------------
                        Port   Mode   Type        Z-Wave        Z-Wave-Sigma  Z-Line        F-Cutoff
                        1      1      QTEM        223           21.7          44.3          ---
                        ----------------------------------------------------------------------------
                      
                      
                      ------------------------------------------------------------------------------
04/Dec/2024 12:11:59    Matrix setup time        :	1 s
                        Degrees of freedom       :	116381
                        Number of mesh cells     :	17271
                      
                        Stimulation port         :	1
                        Mode number              :	1
                        Accuracy                 :	7.68756e-05
                        Iterations               :	32
                        Solver time              :	2 s
                      
                      
                      ------------------------------------------------------------------------------
04/Dec/2024 12:11:59    Total time               :	3 s
                      
                      ------------------------------------------------------------------------------

                      ------------------------------------------------------------------------------
04/Dec/2024 12:11:59    Calculation 5 (Frequency: 677 MHz)
                      
                      
                      ------------------------------------------------------------------------------
04/Dec/2024 12:11:59    ----------------------------------------------------------------------------
                        Port   Mode   Type        Z-Wave        Z-Wave-Sigma  Z-Line        F-Cutoff
                        1      1      QTEM        223           21.6          44.4          ---
                        ----------------------------------------------------------------------------
                      
                      
                      ------------------------------------------------------------------------------
04/Dec/2024 12:12:01    Matrix setup time        :	1 s
                        Degrees of freedom       :	116381
                        Number of mesh cells     :	17271
                      
                        Stimulation port         :	1
                        Mode number              :	1
                        Accuracy                 :	9.24676e-05
                        Iterations               :	15
                        Solver time              :	1 s
                      
                      
                      ------------------------------------------------------------------------------
04/Dec/2024 12:12:01    Total time               :	2 s
                      
                      ------------------------------------------------------------------------------

                      ------------------------------------------------------------------------------
04/Dec/2024 12:12:01    Calculation 6 (Frequency: 1131 MHz)
                      
                      
                      ------------------------------------------------------------------------------
04/Dec/2024 12:12:01    ----------------------------------------------------------------------------
                        Port   Mode   Type        Z-Wave        Z-Wave-Sigma  Z-Line        F-Cutoff
                        1      1      QTEM        222           21.9          44.3          ---
                        ----------------------------------------------------------------------------
                      
                      
                      ------------------------------------------------------------------------------
04/Dec/2024 12:12:04    Matrix setup time        :	0 s
                        Solver setup             :	1 s
                        Degrees of freedom       :	116381
                        Number of mesh cells     :	17271
                      
                        Stimulation port         :	1
                        Mode number              :	1
                        Accuracy                 :	3.90253e-05
                        Iterations               :	55
                        Solver time              :	2 s
                      
                      
                      ------------------------------------------------------------------------------
04/Dec/2024 12:12:04    Total time               :	3 s
                      
                      ------------------------------------------------------------------------------

                      ------------------------------------------------------------------------------
04/Dec/2024 12:12:04    Calculation 7 (Frequency: 567 MHz)
                      
                      
                      ------------------------------------------------------------------------------
04/Dec/2024 12:12:04    ----------------------------------------------------------------------------
                        Port   Mode   Type        Z-Wave        Z-Wave-Sigma  Z-Line        F-Cutoff
                        1      1      QTEM        223           22.1          44.4          ---
                        ----------------------------------------------------------------------------
                      
                      
                      ------------------------------------------------------------------------------
04/Dec/2024 12:12:05    Matrix setup time        :	1 s
                        Degrees of freedom       :	116381
                        Number of mesh cells     :	17271
                      
                        Stimulation port         :	1
                        Mode number              :	1
                        Accuracy                 :	9.97522e-05
                        Iterations               :	7
                        Solver time              :	0 s
                      
                      
                      ------------------------------------------------------------------------------
04/Dec/2024 12:12:06    Total time               :	2 s
                      
                      ------------------------------------------------------------------------------

                      ------------------------------------------------------------------------------
04/Dec/2024 12:12:06    Calculation 8 (Frequency: 1297 MHz)
                      
                      
                      ------------------------------------------------------------------------------
04/Dec/2024 12:12:06    ----------------------------------------------------------------------------
                        Port   Mode   Type        Z-Wave        Z-Wave-Sigma  Z-Line        F-Cutoff
                        1      1      QTEM        222           21.9          44.2          ---
                        ----------------------------------------------------------------------------
                      
                      
                      ------------------------------------------------------------------------------
04/Dec/2024 12:12:09    Matrix setup time        :	0 s
                        Solver setup             :	1 s
                        Degrees of freedom       :	116381
                        Number of mesh cells     :	17271
                      
                        Stimulation port         :	1
                        Mode number              :	1
                        Accuracy                 :	9.83914e-05
                        Iterations               :	50
                        Solver time              :	2 s
                      
                      
                      ------------------------------------------------------------------------------
04/Dec/2024 12:12:09    Total time               :	3 s
                      
                      ------------------------------------------------------------------------------

                      ------------------------------------------------------------------------------
04/Dec/2024 12:12:09    Calculation 9 (Frequency: 1075 MHz)
                      
                      
                      ------------------------------------------------------------------------------
04/Dec/2024 12:12:09    ----------------------------------------------------------------------------
                        Port   Mode   Type        Z-Wave        Z-Wave-Sigma  Z-Line        F-Cutoff
                        1      1      QTEM        222           21.9          44.3          ---
                        ----------------------------------------------------------------------------
                      
                      
                      ------------------------------------------------------------------------------
04/Dec/2024 12:12:11    Matrix setup time        :	1 s
                        Degrees of freedom       :	116381
                        Number of mesh cells     :	17271
                      
                        Stimulation port         :	1
                        Mode number              :	1
                        Accuracy                 :	9.8235e-05
                        Iterations               :	30
                        Solver time              :	1 s
                      
                      
                      ------------------------------------------------------------------------------
04/Dec/2024 12:12:12    Generating results       :	1 s
                      
                        Total time               :	3 s
                      
                      ------------------------------------------------------------------------------

                      ------------------------------------------------------------------------------
04/Dec/2024 12:12:12  Finished the general purpose interpolative broadband frequency sweep:
                      All broadband sweep convergence criteria have been satisfied after
                      calculating 9 frequency samples:
                      
                        Broadband sweep error threshold value : 
                                                                0.01 (All S-Parameters) 
                        Number of error criterion checks      : 
                                                                2 (All S-Parameters) 
                        Minimum number of samples             : 3
                      
                      
                      ------------------------------------------------------------------------------
04/Dec/2024 12:12:12    Total Solver Time        :	63 s	 (= 0 h, 01 m, 03 s)
                      ================================================================================
                      
                      
                      
                      ------------------------------------------------------------------------------
04/Dec/2024 12:12:12    ----------------------------------------------------------------------------
                                            Peak memory used (kB)         Free physical memory (kB) 
                                                                          At begin     Minimum      
                        ----------------------------------------------------------------------------
                        Solver start        25556                         9821376      9821340      
                        Eq. system setup    735916                        9633040      9123328      
                        Eq. system solve    746500                        9606724      9071892      
                        Mesh refinement     618828                        9668240      9273944      
                        Solver run total    746500                        9821380      9098640      
                      
                        Computer name       DESKTOP-J6PE05U
                        ----------------------------------------------------------------------------
                      
                      
                      ------------------------------------------------------------------------------
04/Dec/2024 12:12:12  Running postprocessing.
                      
                      ------------------------------------------------------------------------------
04/Dec/2024 12:12:20  Postprocessing finished.
                      
                      ------------------------------------------------------------------------------
04/Dec/2024 12:12:20  Creating parametric 1D results for Run ID 1
                      
                      ------------------------------------------------------------------------------
