Unknown:
D:\Facultad\electromag_2\Antena_Patch\Antena_Patch_2.4GHz_2x2\antena_patch_base\Result\farfield (f=1)_1.fme
D:\Facultad\electromag_2\Antena_Patch\Antena_Patch_2.4GHz_2x2\antena_patch_base\Result\farfield (f=2.5)2D_1.ffp
D:\Facultad\electromag_2\Antena_Patch\Antena_Patch_2.4GHz_2x2\antena_patch_base\Result\farfield (f=2.5)_1.fme
D:\Facultad\electromag_2\Antena_Patch\Antena_Patch_2.4GHz_2x2\antena_patch_base\Result\farfield (f=4)_1.fme
D:\Facultad\electromag_2\Antena_Patch\Antena_Patch_2.4GHz_2x2\antena_patch_base\Result\hardware_resources.sconf
D:\Facultad\electromag_2\Antena_Patch\Antena_Patch_2.4GHz_2x2\antena_patch_base\Result\loss (#0000)_1(1).pwr
D:\Facultad\electromag_2\Antena_Patch\Antena_Patch_2.4GHz_2x2\antena_patch_base\Result\loss (#0001)_1(1).pwr
D:\Facultad\electromag_2\Antena_Patch\Antena_Patch_2.4GHz_2x2\antena_patch_base\Result\loss (#0004)_1(1).pwr
D:\Facultad\electromag_2\Antena_Patch\Antena_Patch_2.4GHz_2x2\antena_patch_base\Result\ml_info.dat
D:\Facultad\electromag_2\Antena_Patch\Antena_Patch_2.4GHz_2x2\antena_patch_base\Result\ml_info.log
D:\Facultad\electromag_2\Antena_Patch\Antena_Patch_2.4GHz_2x2\antena_patch_base\Result\Model.log
D:\Facultad\electromag_2\Antena_Patch\Antena_Patch_2.4GHz_2x2\antena_patch_base\Result\Model.sa
D:\Facultad\electromag_2\Antena_Patch\Antena_Patch_2.4GHz_2x2\antena_patch_base\Result\Port1_e1(#0000).sct
D:\Facultad\electromag_2\Antena_Patch\Antena_Patch_2.4GHz_2x2\antena_patch_base\Result\Port1_e1(#0001).sct
D:\Facultad\electromag_2\Antena_Patch\Antena_Patch_2.4GHz_2x2\antena_patch_base\Result\Port1_e1(#0002).sct
D:\Facultad\electromag_2\Antena_Patch\Antena_Patch_2.4GHz_2x2\antena_patch_base\Result\Port1_e1(#0003).sct
D:\Facultad\electromag_2\Antena_Patch\Antena_Patch_2.4GHz_2x2\antena_patch_base\Result\Port1_e1(#0004).sct
D:\Facultad\electromag_2\Antena_Patch\Antena_Patch_2.4GHz_2x2\antena_patch_base\Result\Port1_e1(#0005).sct
D:\Facultad\electromag_2\Antena_Patch\Antena_Patch_2.4GHz_2x2\antena_patch_base\Result\Port1_e1(#0006).sct
D:\Facultad\electromag_2\Antena_Patch\Antena_Patch_2.4GHz_2x2\antena_patch_base\Result\Port1_e1(#0007).sct
D:\Facultad\electromag_2\Antena_Patch\Antena_Patch_2.4GHz_2x2\antena_patch_base\Result\Port1_e1(#0008).sct
D:\Facultad\electromag_2\Antena_Patch\Antena_Patch_2.4GHz_2x2\antena_patch_base\Result\Port1_e1(#0009).sct
D:\Facultad\electromag_2\Antena_Patch\Antena_Patch_2.4GHz_2x2\antena_patch_base\Result\Port1_e1(#0010).sct
D:\Facultad\electromag_2\Antena_Patch\Antena_Patch_2.4GHz_2x2\antena_patch_base\Result\Port1_e1(#0011).sct
D:\Facultad\electromag_2\Antena_Patch\Antena_Patch_2.4GHz_2x2\antena_patch_base\Result\Port1_eInfo1(#0000).pmf
D:\Facultad\electromag_2\Antena_Patch\Antena_Patch_2.4GHz_2x2\antena_patch_base\Result\Port1_eInfo1(#0001).pmf
D:\Facultad\electromag_2\Antena_Patch\Antena_Patch_2.4GHz_2x2\antena_patch_base\Result\Port1_eInfo1(#0002).pmf
D:\Facultad\electromag_2\Antena_Patch\Antena_Patch_2.4GHz_2x2\antena_patch_base\Result\Port1_eInfo1(#0003).pmf
D:\Facultad\electromag_2\Antena_Patch\Antena_Patch_2.4GHz_2x2\antena_patch_base\Result\Port1_eInfo1(#0004).pmf
D:\Facultad\electromag_2\Antena_Patch\Antena_Patch_2.4GHz_2x2\antena_patch_base\Result\Port1_eInfo1(#0005).pmf
D:\Facultad\electromag_2\Antena_Patch\Antena_Patch_2.4GHz_2x2\antena_patch_base\Result\Port1_eInfo1(#0006).pmf
D:\Facultad\electromag_2\Antena_Patch\Antena_Patch_2.4GHz_2x2\antena_patch_base\Result\Port1_eInfo1(#0007).pmf
D:\Facultad\electromag_2\Antena_Patch\Antena_Patch_2.4GHz_2x2\antena_patch_base\Result\Port1_eInfo1(#0008).pmf
D:\Facultad\electromag_2\Antena_Patch\Antena_Patch_2.4GHz_2x2\antena_patch_base\Result\Port1_eInfo1(#0009).pmf
D:\Facultad\electromag_2\Antena_Patch\Antena_Patch_2.4GHz_2x2\antena_patch_base\Result\Port1_eInfo1(#0010).pmf
D:\Facultad\electromag_2\Antena_Patch\Antena_Patch_2.4GHz_2x2\antena_patch_base\Result\Port1_eInfo1(#0011).pmf
D:\Facultad\electromag_2\Antena_Patch\Antena_Patch_2.4GHz_2x2\antena_patch_base\Result\Port1_h1(#0000).sct
D:\Facultad\electromag_2\Antena_Patch\Antena_Patch_2.4GHz_2x2\antena_patch_base\Result\Port1_h1(#0001).sct
D:\Facultad\electromag_2\Antena_Patch\Antena_Patch_2.4GHz_2x2\antena_patch_base\Result\Port1_h1(#0002).sct
D:\Facultad\electromag_2\Antena_Patch\Antena_Patch_2.4GHz_2x2\antena_patch_base\Result\Port1_h1(#0003).sct
D:\Facultad\electromag_2\Antena_Patch\Antena_Patch_2.4GHz_2x2\antena_patch_base\Result\Port1_h1(#0004).sct
D:\Facultad\electromag_2\Antena_Patch\Antena_Patch_2.4GHz_2x2\antena_patch_base\Result\Port1_h1(#0005).sct
D:\Facultad\electromag_2\Antena_Patch\Antena_Patch_2.4GHz_2x2\antena_patch_base\Result\Port1_h1(#0006).sct
D:\Facultad\electromag_2\Antena_Patch\Antena_Patch_2.4GHz_2x2\antena_patch_base\Result\Port1_h1(#0007).sct
D:\Facultad\electromag_2\Antena_Patch\Antena_Patch_2.4GHz_2x2\antena_patch_base\Result\Port1_h1(#0008).sct
D:\Facultad\electromag_2\Antena_Patch\Antena_Patch_2.4GHz_2x2\antena_patch_base\Result\Port1_h1(#0009).sct
D:\Facultad\electromag_2\Antena_Patch\Antena_Patch_2.4GHz_2x2\antena_patch_base\Result\Port1_h1(#0010).sct
D:\Facultad\electromag_2\Antena_Patch\Antena_Patch_2.4GHz_2x2\antena_patch_base\Result\Port1_h1(#0011).sct
D:\Facultad\electromag_2\Antena_Patch\Antena_Patch_2.4GHz_2x2\antena_patch_base\Result\Port1_hInfo1(#0000).pmf
D:\Facultad\electromag_2\Antena_Patch\Antena_Patch_2.4GHz_2x2\antena_patch_base\Result\Port1_hInfo1(#0001).pmf
D:\Facultad\electromag_2\Antena_Patch\Antena_Patch_2.4GHz_2x2\antena_patch_base\Result\Port1_hInfo1(#0002).pmf
D:\Facultad\electromag_2\Antena_Patch\Antena_Patch_2.4GHz_2x2\antena_patch_base\Result\Port1_hInfo1(#0003).pmf
D:\Facultad\electromag_2\Antena_Patch\Antena_Patch_2.4GHz_2x2\antena_patch_base\Result\Port1_hInfo1(#0004).pmf
D:\Facultad\electromag_2\Antena_Patch\Antena_Patch_2.4GHz_2x2\antena_patch_base\Result\Port1_hInfo1(#0005).pmf
D:\Facultad\electromag_2\Antena_Patch\Antena_Patch_2.4GHz_2x2\antena_patch_base\Result\Port1_hInfo1(#0006).pmf
D:\Facultad\electromag_2\Antena_Patch\Antena_Patch_2.4GHz_2x2\antena_patch_base\Result\Port1_hInfo1(#0007).pmf
D:\Facultad\electromag_2\Antena_Patch\Antena_Patch_2.4GHz_2x2\antena_patch_base\Result\Port1_hInfo1(#0008).pmf
D:\Facultad\electromag_2\Antena_Patch\Antena_Patch_2.4GHz_2x2\antena_patch_base\Result\Port1_hInfo1(#0009).pmf
D:\Facultad\electromag_2\Antena_Patch\Antena_Patch_2.4GHz_2x2\antena_patch_base\Result\Port1_hInfo1(#0010).pmf
D:\Facultad\electromag_2\Antena_Patch\Antena_Patch_2.4GHz_2x2\antena_patch_base\Result\Port1_hInfo1(#0011).pmf
D:\Facultad\electromag_2\Antena_Patch\Antena_Patch_2.4GHz_2x2\antena_patch_base\Result\SolCoef(#0000)_1(1).scf
D:\Facultad\electromag_2\Antena_Patch\Antena_Patch_2.4GHz_2x2\antena_patch_base\Result\SolCoef(#0001)_1(1).scf
D:\Facultad\electromag_2\Antena_Patch\Antena_Patch_2.4GHz_2x2\antena_patch_base\Result\SolCoef(#0002)_1(1).scf
D:\Facultad\electromag_2\Antena_Patch\Antena_Patch_2.4GHz_2x2\antena_patch_base\Result\SolCoef(#0003)_1(1).scf
D:\Facultad\electromag_2\Antena_Patch\Antena_Patch_2.4GHz_2x2\antena_patch_base\Result\SolCoef(#0004)_1(1).scf
D:\Facultad\electromag_2\Antena_Patch\Antena_Patch_2.4GHz_2x2\antena_patch_base\Result\SolCoef(#0005)_1(1).scf
D:\Facultad\electromag_2\Antena_Patch\Antena_Patch_2.4GHz_2x2\antena_patch_base\Result\SolCoef(#0006)_1(1).scf
D:\Facultad\electromag_2\Antena_Patch\Antena_Patch_2.4GHz_2x2\antena_patch_base\Result\SolCoef(#0007)_1(1).scf
D:\Facultad\electromag_2\Antena_Patch\Antena_Patch_2.4GHz_2x2\antena_patch_base\Result\SolCoef(#0008)_1(1).scf
D:\Facultad\electromag_2\Antena_Patch\Antena_Patch_2.4GHz_2x2\antena_patch_base\Result\SolCoef(#0009)_1(1).scf
D:\Facultad\electromag_2\Antena_Patch\Antena_Patch_2.4GHz_2x2\antena_patch_base\Result\SolCoef(#0010)_1(1).scf
D:\Facultad\electromag_2\Antena_Patch\Antena_Patch_2.4GHz_2x2\antena_patch_base\Result\SolCoef(#0011)_1(1).scf
Mesh:
D:\Facultad\electromag_2\Antena_Patch\Antena_Patch_2.4GHz_2x2\antena_patch_base\Result\3do.slim
D:\Facultad\electromag_2\Antena_Patch\Antena_Patch_2.4GHz_2x2\antena_patch_base\Result\log.tet
D:\Facultad\electromag_2\Antena_Patch\Antena_Patch_2.4GHz_2x2\antena_patch_base\Result\Mesh_Input.Entities2Mesh.tet
D:\Facultad\electromag_2\Antena_Patch\Antena_Patch_2.4GHz_2x2\antena_patch_base\Result\Mesh_Input.Options.tet
D:\Facultad\electromag_2\Antena_Patch\Antena_Patch_2.4GHz_2x2\antena_patch_base\Result\Mesh_Input.QuasiModel.tet
D:\Facultad\electromag_2\Antena_Patch\Antena_Patch_2.4GHz_2x2\antena_patch_base\Result\Mesh_Output.QuasiModel.tet
D:\Facultad\electromag_2\Antena_Patch\Antena_Patch_2.4GHz_2x2\antena_patch_base\Result\Mesh_Output.U2F.tet
D:\Facultad\electromag_2\Antena_Patch\Antena_Patch_2.4GHz_2x2\antena_patch_base\Result\mir.tet
D:\Facultad\electromag_2\Antena_Patch\Antena_Patch_2.4GHz_2x2\antena_patch_base\Result\moegeom.tet
D:\Facultad\electromag_2\Antena_Patch\Antena_Patch_2.4GHz_2x2\antena_patch_base\Result\Port1.slim
D:\Facultad\electromag_2\Antena_Patch\Antena_Patch_2.4GHz_2x2\antena_patch_base\Result\refinementparents.tet
D:\Facultad\electromag_2\Antena_Patch\Antena_Patch_2.4GHz_2x2\antena_patch_base\Result\reftags.tet
D:\Facultad\electromag_2\Antena_Patch\Antena_Patch_2.4GHz_2x2\antena_patch_base\Result\tetquality.tet
D:\Facultad\electromag_2\Antena_Patch\Antena_Patch_2.4GHz_2x2\antena_patch_base\Result\topot.tet
Port:
D:\Facultad\electromag_2\Antena_Patch\Antena_Patch_2.4GHz_2x2\antena_patch_base\Result\Model.pmi
