27/Nov/2024 12:04:32  Units settings: 
                      
                        Dimensions: mm
                        Frequency:  GHz
                        Time:       ns
                      
                      ------------------------------------------------------------------------------
27/Nov/2024 12:04:32  Boundary conditions: 
                      
                        YZsymmetry: none
                        XZsymmetry: none
                        XYsymmetry: none
                      
                        Xmin: expanded open
                        Xmax: expanded open
                      
                        Ymin: expanded open
                        Ymax: expanded open
                      
                        Zmin: expanded open
                        Zmax: expanded open
                      
                      ------------------------------------------------------------------------------
27/Nov/2024 12:04:32  Order settings: 
                      
                        Solver order   : 2nd (constant)
                        Curved elements: up to order 3 (automatic)
                      
                      ------------------------------------------------------------------------------
27/Nov/2024 12:04:32    Mesh time                :	19 s
                      
                      
                      ------------------------------------------------------------------------------
27/Nov/2024 12:04:32  
                      ================================================================================
                      Frequency Domain Solver calculation cycle started
                      
                      ------------------------------------------------------------------------------
27/Nov/2024 12:04:32  Solver started at: 12:04 PM Wednesday, 27. November 2024 (Hora estándar de Argentina)
                      
                        Module:  Frequency Domain: S-Parameter (Win 64)
                        Version: 2022.4 Release from 2022-04-26 (change 967892)
                      
                      ------------------------------------------------------------------------------
27/Nov/2024 12:04:33    Calculation 1 of 1 (Frequency: 4 GHz)
                      
                      
                      ------------------------------------------------------------------------------
27/Nov/2024 12:04:33  Automatically activated electric shielding for port 1.
                      
                      ------------------------------------------------------------------------------
27/Nov/2024 12:04:33  *** Warning ***
                      
27/Nov/2024 12:04:33  At least one propagating mode is not considered at port 1. 
                      
                      ------------------------------------------------------------------------------
27/Nov/2024 12:04:37    ----------------------------------------------------------------------------
                        Port   Mode   Type        Z-Wave        Z-Wave-Sigma  Z-Line        F-Cutoff
                        1      1      QTEM        215           23.6          38.9          ---
                        ----------------------------------------------------------------------------
                      
                      
                      ------------------------------------------------------------------------------
27/Nov/2024 12:04:37  The wavelength based mesh refinement has been applied to 6.1% of all mesh edges.
                      
                      ------------------------------------------------------------------------------
27/Nov/2024 12:04:38  Adaptive mesh refinement pass 1
                      
                      ------------------------------------------------------------------------------
27/Nov/2024 12:04:40    Matrix setup time        :	0 s
                        Degrees of freedom       :	67173
                        Number of mesh cells     :	9976
                      
                        Stimulation port         :	1
                        Mode number              :	1
                        Accuracy                 :	3.93399e-05
                        Iterations               :	64
                        Solver time              :	2 s
                      
                      
                      ------------------------------------------------------------------------------
27/Nov/2024 12:04:40  28% of all mesh edges seem to be longer than expected. The adaptive mesh refinement's growth limitation will therefore 
                      use 27311 instead of 7202 mesh cells as a reference.
                      
                      ------------------------------------------------------------------------------
27/Nov/2024 12:04:40  The wavelength based mesh refinement has been applied to 0.2% of all mesh edges.
                      
                      ------------------------------------------------------------------------------
27/Nov/2024 12:04:41  Adaptive mesh refinement pass 2
                      
                      ------------------------------------------------------------------------------
27/Nov/2024 12:04:43    Matrix setup time        :	1 s
                        Degrees of freedom       :	78881
                        Number of mesh cells     :	11678
                      
                        Stimulation port         :	1
                        Mode number              :	1
                        Accuracy                 :	9.96998e-05
                        Iterations               :	43
                        Solver time              :	1 s
                      
                      
                      ------------------------------------------------------------------------------
27/Nov/2024 12:04:43    Delta calculation        
27/Nov/2024 12:04:43    All S-Parameters         :	0.886165

                      ------------------------------------------------------------------------------
27/Nov/2024 12:04:44  Adaptive mesh refinement pass 3
                      
                      ------------------------------------------------------------------------------
27/Nov/2024 12:04:47    Matrix setup time        :	1 s
                        Degrees of freedom       :	94999
                        Number of mesh cells     :	14059
                      
                        Stimulation port         :	1
                        Mode number              :	1
                        Accuracy                 :	8.61547e-05
                        Iterations               :	40
                        Solver time              :	2 s
                      
                      
                      ------------------------------------------------------------------------------
27/Nov/2024 12:04:47    Delta calculation        
27/Nov/2024 12:04:47    All S-Parameters         :	0.236855

                      ------------------------------------------------------------------------------
27/Nov/2024 12:04:47  The input reflection seems to be large at 4 GHz. The adaptive mesh refinement at this sample will be stopped. A new mesh
                      adaptation frequency has been added at 2.5 GHz.  More...
                      
                      ------------------------------------------------------------------------------
27/Nov/2024 12:04:47    Total time               :	14 s
                      
                      ------------------------------------------------------------------------------

                      ------------------------------------------------------------------------------
27/Nov/2024 12:04:47    Calculation 2 of 2 (Frequency: 2.5 GHz)
                      
                      
                      ------------------------------------------------------------------------------
27/Nov/2024 12:04:47  *** Warning ***
                      
27/Nov/2024 12:04:47  At least one propagating mode is not considered at port 1. 
                      
                      ------------------------------------------------------------------------------
27/Nov/2024 12:04:47    ----------------------------------------------------------------------------
                        Port   Mode   Type        Z-Wave        Z-Wave-Sigma  Z-Line        F-Cutoff
                        1      1      QTEM        217           22.8          38.9          ---
                        ----------------------------------------------------------------------------
                      
                      
                      ------------------------------------------------------------------------------
27/Nov/2024 12:04:47  Adaptive mesh refinement pass 1
                      
                      ------------------------------------------------------------------------------
27/Nov/2024 12:04:49    Matrix setup time        :	0 s
                        Solver setup             :	1 s
                        Degrees of freedom       :	94999
                        Number of mesh cells     :	14059
                      
                        Stimulation port         :	1
                        Mode number              :	1
                        Accuracy                 :	9.61605e-05
                        Iterations               :	31
                        Solver time              :	1 s
                      
                      
                      ------------------------------------------------------------------------------
27/Nov/2024 12:04:49  The input reflection seems to be large at 2.5 GHz. The adaptive mesh refinement at this sample will be stopped. A new 
                      mesh adaptation frequency has been added at 3.25 GHz.  More...
                      
                      ------------------------------------------------------------------------------
27/Nov/2024 12:04:49    Total time               :	2 s
                      
                      ------------------------------------------------------------------------------

                      ------------------------------------------------------------------------------
27/Nov/2024 12:04:49    Calculation 3 of 3 (Frequency: 3.25 GHz)
                      
                      
                      ------------------------------------------------------------------------------
27/Nov/2024 12:04:49  *** Warning ***
                      
27/Nov/2024 12:04:49  At least one propagating mode is not considered at port 1. 
                      
                      ------------------------------------------------------------------------------
27/Nov/2024 12:04:49    ----------------------------------------------------------------------------
                        Port   Mode   Type        Z-Wave        Z-Wave-Sigma  Z-Line        F-Cutoff
                        1      1      QTEM        216           23.1          38.9          ---
                        ----------------------------------------------------------------------------
                      
                      
                      ------------------------------------------------------------------------------
27/Nov/2024 12:04:49  Adaptive mesh refinement pass 1
                      
                      ------------------------------------------------------------------------------
27/Nov/2024 12:04:51    Matrix setup time        :	1 s
                        Degrees of freedom       :	94999
                        Number of mesh cells     :	14059
                      
                        Stimulation port         :	1
                        Mode number              :	1
                        Accuracy                 :	8.23829e-05
                        Iterations               :	32
                        Solver time              :	1 s
                      
                      
                      ------------------------------------------------------------------------------
27/Nov/2024 12:04:51  The input reflection seems to be large at 3.25 GHz. The adaptive mesh refinement at this sample will be stopped. A new 
                      mesh adaptation frequency has been added at 1.75 GHz.  More...
                      
                      ------------------------------------------------------------------------------
27/Nov/2024 12:04:51    Total time               :	2 s
                      
                      ------------------------------------------------------------------------------

                      ------------------------------------------------------------------------------
27/Nov/2024 12:04:51    Calculation 4 of 4 (Frequency: 1.75 GHz)
                      
                      
                      ------------------------------------------------------------------------------
27/Nov/2024 12:04:51  *** Warning ***
                      
27/Nov/2024 12:04:51  At least one propagating mode is not considered at port 1. 
                      
                      ------------------------------------------------------------------------------
27/Nov/2024 12:04:51    ----------------------------------------------------------------------------
                        Port   Mode   Type        Z-Wave        Z-Wave-Sigma  Z-Line        F-Cutoff
                        1      1      QTEM        218           22.9          39            ---
                        ----------------------------------------------------------------------------
                      
                      
                      ------------------------------------------------------------------------------
27/Nov/2024 12:04:51  Adaptive mesh refinement pass 1
                      
                      ------------------------------------------------------------------------------
27/Nov/2024 12:04:53    Matrix setup time        :	1 s
                        Degrees of freedom       :	94999
                        Number of mesh cells     :	14059
                      
                        Stimulation port         :	1
                        Mode number              :	1
                        Accuracy                 :	9.94351e-05
                        Iterations               :	25
                        Solver time              :	1 s
                      
                      
                      ------------------------------------------------------------------------------
27/Nov/2024 12:04:53  The input reflection seems to be large at 1.75 GHz. The adaptive mesh refinement at this sample will be stopped. A new 
                      mesh adaptation frequency has been added at 1 GHz.  More...
                      
                      ------------------------------------------------------------------------------
27/Nov/2024 12:04:53    Total time               :	2 s
                      
                      ------------------------------------------------------------------------------

                      ------------------------------------------------------------------------------
27/Nov/2024 12:04:53    Calculation 5 of 5 (Frequency: 1 GHz)
                      
                      
                      ------------------------------------------------------------------------------
27/Nov/2024 12:04:53  *** Warning ***
                      
27/Nov/2024 12:04:53  At least one propagating mode is not considered at port 1. 
                      
                      ------------------------------------------------------------------------------
27/Nov/2024 12:04:53    ----------------------------------------------------------------------------
                        Port   Mode   Type        Z-Wave        Z-Wave-Sigma  Z-Line        F-Cutoff
                        1      1      QTEM        218           22.5          39            ---
                        ----------------------------------------------------------------------------
                      
                      
                      ------------------------------------------------------------------------------
27/Nov/2024 12:04:53  Adaptive mesh refinement pass 1
                      
                      ------------------------------------------------------------------------------
27/Nov/2024 12:04:55    Matrix setup time        :	1 s
                        Degrees of freedom       :	94999
                        Number of mesh cells     :	14059
                      
                        Stimulation port         :	1
                        Mode number              :	1
                        Accuracy                 :	6.34589e-05
                        Iterations               :	23
                        Solver time              :	1 s
                      
                      
                      ------------------------------------------------------------------------------
27/Nov/2024 12:04:55  The input reflection seems to be large at 1 GHz. The adaptive mesh refinement at this sample will be stopped. The mesh 
                      adaptation is performed at 4 GHz again.  More...
                      
                      ------------------------------------------------------------------------------
27/Nov/2024 12:04:55    Total time               :	2 s
                      
                      ------------------------------------------------------------------------------

                      ------------------------------------------------------------------------------
27/Nov/2024 12:04:55    Calculation 1 of 5 (Frequency: 4 GHz)
                      
                      
                      ------------------------------------------------------------------------------
27/Nov/2024 12:04:55  *** Warning ***
                      
27/Nov/2024 12:04:55  At least one propagating mode is not considered at port 1. 
                      
                      ------------------------------------------------------------------------------
27/Nov/2024 12:04:55    ----------------------------------------------------------------------------
                        Port   Mode   Type        Z-Wave        Z-Wave-Sigma  Z-Line        F-Cutoff
                        1      1      QTEM        215           23.6          38.9          ---
                        ----------------------------------------------------------------------------
                      
                      
                      ------------------------------------------------------------------------------
27/Nov/2024 12:04:56  Adaptive mesh refinement pass 4
                      
                      ------------------------------------------------------------------------------
27/Nov/2024 12:05:00    Matrix setup time        :	1 s
                        Degrees of freedom       :	116629
                        Number of mesh cells     :	17264
                      
                        Stimulation port         :	1
                        Mode number              :	1
                        Accuracy                 :	8.56485e-05
                        Iterations               :	49
                        Solver time              :	3 s
                      
                      
                      ------------------------------------------------------------------------------
27/Nov/2024 12:05:00  The input reflection seems to be large at 4 GHz. The mesh adaptation sample will not be moved again. Please define a 
                      suitable constant adaptation frequency.  More...
                      
                      ------------------------------------------------------------------------------
27/Nov/2024 12:05:01  Adaptive mesh refinement pass 5
                      
                      ------------------------------------------------------------------------------
27/Nov/2024 12:05:05    Matrix setup time        :	1 s
                        Solver setup             :	1 s
                        Degrees of freedom       :	146619
                        Number of mesh cells     :	21701
                      
                        Stimulation port         :	1
                        Mode number              :	1
                        Accuracy                 :	9.73456e-05
                        Iterations               :	42
                        Solver time              :	2 s
                      
                      
                      ------------------------------------------------------------------------------
27/Nov/2024 12:05:06    Delta calculation        
27/Nov/2024 12:05:06    All S-Parameters         :	0.0479132

                      ------------------------------------------------------------------------------
27/Nov/2024 12:05:08  Adaptive mesh refinement pass 6
                      
                      ------------------------------------------------------------------------------
27/Nov/2024 12:05:13    Matrix setup time        :	1 s
                        Solver setup             :	1 s
                        Degrees of freedom       :	196487
                        Number of mesh cells     :	29169
                      
                        Stimulation port         :	1
                        Mode number              :	1
                        Accuracy                 :	6.84976e-05
                        Iterations               :	43
                        Solver time              :	3 s
                      
                      
                      ------------------------------------------------------------------------------
27/Nov/2024 12:05:13    Delta calculation        
27/Nov/2024 12:05:13    All S-Parameters         :	0.0259796

                      ------------------------------------------------------------------------------
27/Nov/2024 12:05:16  Adaptive mesh refinement pass 7
                      
                      ------------------------------------------------------------------------------
27/Nov/2024 12:05:23    Matrix setup time        :	2 s
                        Solver setup             :	1 s
                        Degrees of freedom       :	256583
                        Number of mesh cells     :	38214
                      
                        Stimulation port         :	1
                        Mode number              :	1
                        Accuracy                 :	9.27136e-05
                        Iterations               :	36
                        Solver time              :	4 s
                      
                      
                      ------------------------------------------------------------------------------
27/Nov/2024 12:05:23    Delta calculation        
27/Nov/2024 12:05:23    All S-Parameters         :	0.018703

                      ------------------------------------------------------------------------------
27/Nov/2024 12:05:23  Mesh adaptation terminated because the desired accuracy limit is reached.
                      
                      ------------------------------------------------------------------------------
27/Nov/2024 12:05:23    Total time               :	28 s
                      
                      ------------------------------------------------------------------------------

                      ------------------------------------------------------------------------------
27/Nov/2024 12:05:24    Calculation 3 (Frequency: 3.25 GHz)
                      
                      
                      ------------------------------------------------------------------------------
27/Nov/2024 12:05:24  *** Warning ***
                      
27/Nov/2024 12:05:24  At least one propagating mode is not considered at port 1. 
                      
                      ------------------------------------------------------------------------------
27/Nov/2024 12:05:24    ----------------------------------------------------------------------------
                        Port   Mode   Type        Z-Wave        Z-Wave-Sigma  Z-Line        F-Cutoff
                        1      1      QTEM        216           23.1          38.9          ---
                        ----------------------------------------------------------------------------
                      
                      
                      ------------------------------------------------------------------------------
27/Nov/2024 12:05:29    Matrix setup time        :	1 s
                        Degrees of freedom       :	256583
                        Number of mesh cells     :	38214
                      
                        Stimulation port         :	1
                        Mode number              :	1
                        Accuracy                 :	9.74432e-05
                        Iterations               :	32
                        Solver time              :	4 s
                      
                      
                      ------------------------------------------------------------------------------
27/Nov/2024 12:05:29    Total time               :	5 s
                      
                      ------------------------------------------------------------------------------

                      ------------------------------------------------------------------------------
27/Nov/2024 12:05:29    Calculation 4 (Frequency: 1.75 GHz)
                      
                      
                      ------------------------------------------------------------------------------
27/Nov/2024 12:05:29  *** Warning ***
                      
27/Nov/2024 12:05:29  At least one propagating mode is not considered at port 1. 
                      
                      ------------------------------------------------------------------------------
27/Nov/2024 12:05:29    ----------------------------------------------------------------------------
                        Port   Mode   Type        Z-Wave        Z-Wave-Sigma  Z-Line        F-Cutoff
                        1      1      QTEM        218           22.9          39            ---
                        ----------------------------------------------------------------------------
                      
                      
                      ------------------------------------------------------------------------------
27/Nov/2024 12:05:33    Matrix setup time        :	1 s
                        Solver setup             :	1 s
                        Degrees of freedom       :	256583
                        Number of mesh cells     :	38214
                      
                        Stimulation port         :	1
                        Mode number              :	1
                        Accuracy                 :	9.56832e-05
                        Iterations               :	23
                        Solver time              :	2 s
                      
                      
                      ------------------------------------------------------------------------------
27/Nov/2024 12:05:34    Generating results       :	1 s
                      
                        Total time               :	5 s
                      
                      ------------------------------------------------------------------------------

                      ------------------------------------------------------------------------------
27/Nov/2024 12:05:34    Calculation 5 (Frequency: 1 GHz)
                      
                      
                      ------------------------------------------------------------------------------
27/Nov/2024 12:05:34  *** Warning ***
                      
27/Nov/2024 12:05:34  At least one propagating mode is not considered at port 1. 
                      
                      ------------------------------------------------------------------------------
27/Nov/2024 12:05:34    ----------------------------------------------------------------------------
                        Port   Mode   Type        Z-Wave        Z-Wave-Sigma  Z-Line        F-Cutoff
                        1      1      QTEM        218           22.5          39            ---
                        ----------------------------------------------------------------------------
                      
                      
                      ------------------------------------------------------------------------------
27/Nov/2024 12:05:38    Matrix setup time        :	1 s
                        Solver setup             :	1 s
                        Degrees of freedom       :	256583
                        Number of mesh cells     :	38214
                      
                        Stimulation port         :	1
                        Mode number              :	1
                        Accuracy                 :	8.70634e-05
                        Iterations               :	17
                        Solver time              :	2 s
                      
                      
                      ------------------------------------------------------------------------------
27/Nov/2024 12:05:38    Total time               :	4 s
                      
                      ------------------------------------------------------------------------------

                      ------------------------------------------------------------------------------
27/Nov/2024 12:05:38    Calculation 2 (Frequency: 2.5 GHz)
                      
                      
                      ------------------------------------------------------------------------------
27/Nov/2024 12:05:38  *** Warning ***
                      
27/Nov/2024 12:05:38  At least one propagating mode is not considered at port 1. 
                      
                      ------------------------------------------------------------------------------
27/Nov/2024 12:05:38    ----------------------------------------------------------------------------
                        Port   Mode   Type        Z-Wave        Z-Wave-Sigma  Z-Line        F-Cutoff
                        1      1      QTEM        217           22.8          38.9          ---
                        ----------------------------------------------------------------------------
                      
                      
                      ------------------------------------------------------------------------------
27/Nov/2024 12:05:42    Matrix setup time        :	2 s
                        Degrees of freedom       :	256583
                        Number of mesh cells     :	38214
                      
                        Stimulation port         :	1
                        Mode number              :	1
                        Accuracy                 :	9.16641e-05
                        Iterations               :	15
                        Solver time              :	2 s
                      
                      
                      ------------------------------------------------------------------------------
27/Nov/2024 12:05:42    Total time               :	4 s
                      
                      ------------------------------------------------------------------------------

                      ------------------------------------------------------------------------------
27/Nov/2024 12:05:42    Calculation 6 (Frequency: 3.592 GHz)
                      
                      
                      ------------------------------------------------------------------------------
27/Nov/2024 12:05:42  *** Warning ***
                      
27/Nov/2024 12:05:42  At least one propagating mode is not considered at port 1. 
                      
                      ------------------------------------------------------------------------------
27/Nov/2024 12:05:42    ----------------------------------------------------------------------------
                        Port   Mode   Type        Z-Wave        Z-Wave-Sigma  Z-Line        F-Cutoff
                        1      1      QTEM        216           23.3          38.9          ---
                        ----------------------------------------------------------------------------
                      
                      
                      ------------------------------------------------------------------------------
27/Nov/2024 12:05:46    Matrix setup time        :	2 s
                        Degrees of freedom       :	256583
                        Number of mesh cells     :	38214
                      
                        Stimulation port         :	1
                        Mode number              :	1
                        Accuracy                 :	9.4462e-05
                        Iterations               :	16
                        Solver time              :	2 s
                      
                      
                      ------------------------------------------------------------------------------
27/Nov/2024 12:05:46    Total time               :	4 s
                      
                      ------------------------------------------------------------------------------

                      ------------------------------------------------------------------------------
27/Nov/2024 12:05:46    Calculation 7 (Frequency: 1.342 GHz)
                      
                      
                      ------------------------------------------------------------------------------
27/Nov/2024 12:05:47  *** Warning ***
                      
27/Nov/2024 12:05:47  At least one propagating mode is not considered at port 1. 
                      
                      ------------------------------------------------------------------------------
27/Nov/2024 12:05:47    ----------------------------------------------------------------------------
                        Port   Mode   Type        Z-Wave        Z-Wave-Sigma  Z-Line        F-Cutoff
                        1      1      QTEM        218           22.7          39            ---
                        ----------------------------------------------------------------------------
                      
                      
                      ------------------------------------------------------------------------------
27/Nov/2024 12:05:51    Matrix setup time        :	1 s
                        Degrees of freedom       :	256583
                        Number of mesh cells     :	38214
                      
                        Stimulation port         :	1
                        Mode number              :	1
                        Accuracy                 :	9.31784e-05
                        Iterations               :	18
                        Solver time              :	3 s
                      
                      
                      ------------------------------------------------------------------------------
27/Nov/2024 12:05:51    Total time               :	5 s
                      
                      ------------------------------------------------------------------------------

                      ------------------------------------------------------------------------------
27/Nov/2024 12:05:51    Calculation 8 (Frequency: 2.077 GHz)
                      
                      
                      ------------------------------------------------------------------------------
27/Nov/2024 12:05:51  *** Warning ***
                      
27/Nov/2024 12:05:51  At least one propagating mode is not considered at port 1. 
                      
                      ------------------------------------------------------------------------------
27/Nov/2024 12:05:51    ----------------------------------------------------------------------------
                        Port   Mode   Type        Z-Wave        Z-Wave-Sigma  Z-Line        F-Cutoff
                        1      1      QTEM        217           23            39            ---
                        ----------------------------------------------------------------------------
                      
                      
                      ------------------------------------------------------------------------------
27/Nov/2024 12:05:54    Matrix setup time        :	1 s
                        Solver setup             :	1 s
                        Degrees of freedom       :	256583
                        Number of mesh cells     :	38214
                      
                        Stimulation port         :	1
                        Mode number              :	1
                        Accuracy                 :	8.52045e-05
                        Iterations               :	10
                        Solver time              :	1 s
                      
                      
                      ------------------------------------------------------------------------------
27/Nov/2024 12:05:54    Total time               :	3 s
                      
                      ------------------------------------------------------------------------------

                      ------------------------------------------------------------------------------
27/Nov/2024 12:05:54    Calculation 9 (Frequency: 2.845 GHz)
                      
                      
                      ------------------------------------------------------------------------------
27/Nov/2024 12:05:54  *** Warning ***
                      
27/Nov/2024 12:05:54  At least one propagating mode is not considered at port 1. 
                      
                      ------------------------------------------------------------------------------
27/Nov/2024 12:05:54    ----------------------------------------------------------------------------
                        Port   Mode   Type        Z-Wave        Z-Wave-Sigma  Z-Line        F-Cutoff
                        1      1      QTEM        216           23            38.9          ---
                        ----------------------------------------------------------------------------
                      
                      
                      ------------------------------------------------------------------------------
27/Nov/2024 12:05:56    Matrix setup time        :	1 s
                        Solver setup             :	1 s
                        Degrees of freedom       :	256583
                        Number of mesh cells     :	38214
                      
                        Stimulation port         :	1
                        Mode number              :	1
                        Accuracy                 :	8.25094e-05
                        Iterations               :	5
                        Solver time              :	0 s
                      
                      
                      ------------------------------------------------------------------------------
27/Nov/2024 12:05:56    Total time               :	2 s
                      
                      ------------------------------------------------------------------------------

                      ------------------------------------------------------------------------------
27/Nov/2024 12:05:56    Calculation 10 (Frequency: 1.153 GHz)
                      
                      
                      ------------------------------------------------------------------------------
27/Nov/2024 12:05:57  *** Warning ***
                      
27/Nov/2024 12:05:57  At least one propagating mode is not considered at port 1. 
                      
                      ------------------------------------------------------------------------------
27/Nov/2024 12:05:57    ----------------------------------------------------------------------------
                        Port   Mode   Type        Z-Wave        Z-Wave-Sigma  Z-Line        F-Cutoff
                        1      1      QTEM        218           22.6          39            ---
                        ----------------------------------------------------------------------------
                      
                      
                      ------------------------------------------------------------------------------
27/Nov/2024 12:05:59    Matrix setup time        :	1 s
                        Degrees of freedom       :	256583
                        Number of mesh cells     :	38214
                      
                        Stimulation port         :	1
                        Mode number              :	1
                        Accuracy                 :	8.73374e-05
                        Iterations               :	5
                        Solver time              :	1 s
                      
                      
                      ------------------------------------------------------------------------------
27/Nov/2024 12:05:59    Total time               :	3 s
                      
                      ------------------------------------------------------------------------------

                      ------------------------------------------------------------------------------
27/Nov/2024 12:05:59    Calculation 11 (Frequency: 1.468 GHz)
                      
                      
                      ------------------------------------------------------------------------------
27/Nov/2024 12:05:59  *** Warning ***
                      
27/Nov/2024 12:05:59  At least one propagating mode is not considered at port 1. 
                      
                      ------------------------------------------------------------------------------
27/Nov/2024 12:05:59    ----------------------------------------------------------------------------
                        Port   Mode   Type        Z-Wave        Z-Wave-Sigma  Z-Line        F-Cutoff
                        1      1      QTEM        218           22.7          39            ---
                        ----------------------------------------------------------------------------
                      
                      
                      ------------------------------------------------------------------------------
27/Nov/2024 12:06:05    Matrix setup time        :	2 s
                        Degrees of freedom       :	256583
                        Number of mesh cells     :	38214
                      
                        Stimulation port         :	1
                        Mode number              :	1
                        Accuracy                 :	6.74677e-05
                        Iterations               :	31
                        Solver time              :	4 s
                      
                      
                      ------------------------------------------------------------------------------
27/Nov/2024 12:06:05    Total time               :	6 s
                      
                      ------------------------------------------------------------------------------

                      ------------------------------------------------------------------------------
27/Nov/2024 12:06:05    Calculation 12 (Frequency: 3.883 GHz)
                      
                      
                      ------------------------------------------------------------------------------
27/Nov/2024 12:06:05  *** Warning ***
                      
27/Nov/2024 12:06:05  At least one propagating mode is not considered at port 1. 
                      
                      ------------------------------------------------------------------------------
27/Nov/2024 12:06:05    ----------------------------------------------------------------------------
                        Port   Mode   Type        Z-Wave        Z-Wave-Sigma  Z-Line        F-Cutoff
                        1      1      QTEM        215           23.5          38.9          ---
                        ----------------------------------------------------------------------------
                      
                      
                      ------------------------------------------------------------------------------
27/Nov/2024 12:06:08    Matrix setup time        :	1 s
                        Solver setup             :	1 s
                        Degrees of freedom       :	256583
                        Number of mesh cells     :	38214
                      
                        Stimulation port         :	1
                        Mode number              :	1
                        Accuracy                 :	9.607e-05
                        Iterations               :	8
                        Solver time              :	1 s
                      
                      
                      ------------------------------------------------------------------------------
27/Nov/2024 12:06:08    Total time               :	3 s
                      
                      ------------------------------------------------------------------------------

                      ------------------------------------------------------------------------------
27/Nov/2024 12:06:08  Finished the general purpose interpolative broadband frequency sweep:
                      All broadband sweep convergence criteria have been satisfied after
                      calculating 12 frequency samples:
                      
                        Broadband sweep error threshold value : 
                                                                0.01 (All S-Parameters) 
                        Number of error criterion checks      : 
                                                                2 (All S-Parameters) 
                        Minimum number of samples             : 3
                      
                      
                      ------------------------------------------------------------------------------
27/Nov/2024 12:06:08    Total Solver Time        :	113 s	 (= 0 h, 01 m, 53 s)
                      ================================================================================
                      
                      
                      
                      ------------------------------------------------------------------------------
27/Nov/2024 12:06:08  Calculating remaining monitors.
                      
                      ------------------------------------------------------------------------------
27/Nov/2024 12:06:08    ----------------------------------------------------------------------------
                                            Peak memory used (kB)         Free physical memory (kB) 
                                                                          At begin     Minimum      
                        ----------------------------------------------------------------------------
                        Solver start        25456                         11383100     11382116     
                        Eq. system setup    1059144                       11330820     10517600     
                        Eq. system solve    1072936                       11305680     10396772     
                        Mesh refinement     862668                        11275864     10670552     
                        Solver run total    1072936                       11383104     10400732     
                      
                        Computer name       DESKTOP-J6PE05U
                        ----------------------------------------------------------------------------
                      
                      
                      ------------------------------------------------------------------------------
27/Nov/2024 12:06:09  Running postprocessing.
                      
                      ------------------------------------------------------------------------------
27/Nov/2024 12:06:17  Postprocessing finished.
                      
                      ------------------------------------------------------------------------------
