27/Nov/2024 12:52:52  In order to get an optimal performance, hyperthreading is ignored for parallel
                      computations.
                      
                      ------------------------------------------------------------------------------
27/Nov/2024 12:53:29  Units settings: 
                      
                        Dimensions: mm
                        Frequency:  GHz
                        Time:       ns
                      
                      ------------------------------------------------------------------------------
27/Nov/2024 12:53:29  Boundary conditions: 
                      
                        YZsymmetry: none
                        XZsymmetry: none
                        XYsymmetry: none
                      
                        Xmin: expanded open
                        Xmax: expanded open
                      
                        Ymin: expanded open
                        Ymax: expanded open
                      
                        Zmin: expanded open
                        Zmax: expanded open
                      
                      ------------------------------------------------------------------------------
27/Nov/2024 12:53:29  Order settings: 
                      
                        Solver order   : 2nd (constant)
                        Curved elements: up to order 3 (automatic)
                      
                      ------------------------------------------------------------------------------
27/Nov/2024 12:53:29    Mesh time                :	37 s
                      
                      
                      ------------------------------------------------------------------------------
27/Nov/2024 12:53:30  
                      ================================================================================
                      Frequency Domain Solver calculation cycle started
                      
                      ------------------------------------------------------------------------------
27/Nov/2024 12:53:30  Solver started at: 12:53 PM Wednesday, 27. November 2024 (Hora estándar de Argentina)
                      
                        Module:  Frequency Domain: S-Parameter (Win 64)
                        Version: 2022.4 Release from 2022-04-26 (change 967892)
                      
                      ------------------------------------------------------------------------------
27/Nov/2024 12:53:30    Calculation 1 of 1 (Frequency: 4 GHz)
                      
                      
                      ------------------------------------------------------------------------------
27/Nov/2024 12:53:30  Automatically activated electric shielding for port 1.
                      
                      ------------------------------------------------------------------------------
27/Nov/2024 12:53:31  *** Warning ***
                      
27/Nov/2024 12:53:31  At least one propagating mode is not considered at port 1. 
                      
                      ------------------------------------------------------------------------------
27/Nov/2024 12:53:35    ----------------------------------------------------------------------------
                        Port   Mode   Type        Z-Wave        Z-Wave-Sigma  Z-Line        F-Cutoff
                        1      1      QTEM        206           18.3          39            ---
                        ----------------------------------------------------------------------------
                      
                      
                      ------------------------------------------------------------------------------
27/Nov/2024 12:53:35  The wavelength based mesh refinement has been applied to 3.4% of all mesh edges.
                      
                      ------------------------------------------------------------------------------
27/Nov/2024 12:53:36  Adaptive mesh refinement pass 1
                      
                      ------------------------------------------------------------------------------
27/Nov/2024 12:53:39    Matrix setup time        :	1 s
                        Degrees of freedom       :	64441
                        Number of mesh cells     :	9501
                      
                        Stimulation port         :	1
                        Mode number              :	1
                        Accuracy                 :	9.8921e-05
                        Iterations               :	38
                        Solver time              :	2 s
                      
                      
                      ------------------------------------------------------------------------------
27/Nov/2024 12:53:39  The input reflection seems to be large at 4 GHz. The adaptive mesh refinement at this sample will be stopped. A new mesh
                      adaptation frequency has been added at 2.5 GHz.  More...
                      
                      ------------------------------------------------------------------------------
27/Nov/2024 12:53:40    Generating results       :	1 s
                      
                        Total time               :	10 s
                      
                      ------------------------------------------------------------------------------

                      ------------------------------------------------------------------------------
27/Nov/2024 12:53:40    Calculation 2 of 2 (Frequency: 2.5 GHz)
                      
                      
                      ------------------------------------------------------------------------------
27/Nov/2024 12:53:40  *** Warning ***
                      
27/Nov/2024 12:53:40  At least one propagating mode is not considered at port 1. 
                      
                      ------------------------------------------------------------------------------
27/Nov/2024 12:53:40    ----------------------------------------------------------------------------
                        Port   Mode   Type        Z-Wave        Z-Wave-Sigma  Z-Line        F-Cutoff
                        1      1      QTEM        208           19.1          39.1          ---
                        ----------------------------------------------------------------------------
                      
                      
                      ------------------------------------------------------------------------------
27/Nov/2024 12:53:40  Adaptive mesh refinement pass 1
                      
                      ------------------------------------------------------------------------------
27/Nov/2024 12:53:43    Matrix setup time        :	1 s
                        Degrees of freedom       :	64441
                        Number of mesh cells     :	9501
                      
                        Stimulation port         :	1
                        Mode number              :	1
                        Accuracy                 :	5.97624e-05
                        Iterations               :	30
                        Solver time              :	2 s
                      
                      
                      ------------------------------------------------------------------------------
27/Nov/2024 12:53:43  The input reflection seems to be large at 2.5 GHz. The adaptive mesh refinement at this sample will be stopped. A new 
                      mesh adaptation frequency has been added at 3.25 GHz.  More...
                      
                      ------------------------------------------------------------------------------
27/Nov/2024 12:53:43    Total time               :	3 s
                      
                      ------------------------------------------------------------------------------

                      ------------------------------------------------------------------------------
27/Nov/2024 12:53:43    Calculation 3 of 3 (Frequency: 3.25 GHz)
                      
                      
                      ------------------------------------------------------------------------------
27/Nov/2024 12:53:43  *** Warning ***
                      
27/Nov/2024 12:53:43  At least one propagating mode is not considered at port 1. 
                      
                      ------------------------------------------------------------------------------
27/Nov/2024 12:53:43    ----------------------------------------------------------------------------
                        Port   Mode   Type        Z-Wave        Z-Wave-Sigma  Z-Line        F-Cutoff
                        1      1      QTEM        206           18.5          39            ---
                        ----------------------------------------------------------------------------
                      
                      
                      ------------------------------------------------------------------------------
27/Nov/2024 12:53:43  Adaptive mesh refinement pass 1
                      
                      ------------------------------------------------------------------------------
27/Nov/2024 12:53:46    Matrix setup time        :	1 s
                        Degrees of freedom       :	64441
                        Number of mesh cells     :	9501
                      
                        Stimulation port         :	1
                        Mode number              :	1
                        Accuracy                 :	7.86964e-05
                        Iterations               :	30
                        Solver time              :	2 s
                      
                      
                      ------------------------------------------------------------------------------
27/Nov/2024 12:53:46  The input reflection seems to be large at 3.25 GHz. The adaptive mesh refinement at this sample will be stopped. A new 
                      mesh adaptation frequency has been added at 1.75 GHz.  More...
                      
                      ------------------------------------------------------------------------------
27/Nov/2024 12:53:46    Total time               :	3 s
                      
                      ------------------------------------------------------------------------------

                      ------------------------------------------------------------------------------
27/Nov/2024 12:53:46    Calculation 4 of 4 (Frequency: 1.75 GHz)
                      
                      
                      ------------------------------------------------------------------------------
27/Nov/2024 12:53:46    ----------------------------------------------------------------------------
                        Port   Mode   Type        Z-Wave        Z-Wave-Sigma  Z-Line        F-Cutoff
                        1      1      QTEM        209           19.2          39.2          ---
                        ----------------------------------------------------------------------------
                      
                      
                      ------------------------------------------------------------------------------
27/Nov/2024 12:53:46  Adaptive mesh refinement pass 1
                      
                      ------------------------------------------------------------------------------
27/Nov/2024 12:53:48    Matrix setup time        :	1 s
                        Degrees of freedom       :	64441
                        Number of mesh cells     :	9501
                      
                        Stimulation port         :	1
                        Mode number              :	1
                        Accuracy                 :	7.57659e-05
                        Iterations               :	25
                        Solver time              :	1 s
                      
                      
                      ------------------------------------------------------------------------------
27/Nov/2024 12:53:49  The input reflection seems to be large at 1.75 GHz. The adaptive mesh refinement at this sample will be stopped. A new 
                      mesh adaptation frequency has been added at 1 GHz.  More...
                      
                      ------------------------------------------------------------------------------
27/Nov/2024 12:53:49    Total time               :	3 s
                      
                      ------------------------------------------------------------------------------

                      ------------------------------------------------------------------------------
27/Nov/2024 12:53:49    Calculation 5 of 5 (Frequency: 1 GHz)
                      
                      
                      ------------------------------------------------------------------------------
27/Nov/2024 12:53:49    ----------------------------------------------------------------------------
                        Port   Mode   Type        Z-Wave        Z-Wave-Sigma  Z-Line        F-Cutoff
                        1      1      QTEM        209           18.7          39.3          ---
                        ----------------------------------------------------------------------------
                      
                      
                      ------------------------------------------------------------------------------
27/Nov/2024 12:53:49  Adaptive mesh refinement pass 1
                      
                      ------------------------------------------------------------------------------
27/Nov/2024 12:53:51    Matrix setup time        :	1 s
                        Degrees of freedom       :	64441
                        Number of mesh cells     :	9501
                      
                        Stimulation port         :	1
                        Mode number              :	1
                        Accuracy                 :	7.60231e-05
                        Iterations               :	18
                        Solver time              :	1 s
                      
                      
                      ------------------------------------------------------------------------------
27/Nov/2024 12:53:51  The input reflection seems to be large at 1 GHz. The adaptive mesh refinement at this sample will be stopped. The mesh 
                      adaptation is performed at 4 GHz again.  More...
                      
                      ------------------------------------------------------------------------------
27/Nov/2024 12:53:51    Total time               :	2 s
                      
                      ------------------------------------------------------------------------------

                      ------------------------------------------------------------------------------
27/Nov/2024 12:53:51    Calculation 1 of 5 (Frequency: 4 GHz)
                      
                      
                      ------------------------------------------------------------------------------
27/Nov/2024 12:53:51  *** Warning ***
                      
27/Nov/2024 12:53:51  At least one propagating mode is not considered at port 1. 
                      
                      ------------------------------------------------------------------------------
27/Nov/2024 12:53:51    ----------------------------------------------------------------------------
                        Port   Mode   Type        Z-Wave        Z-Wave-Sigma  Z-Line        F-Cutoff
                        1      1      QTEM        206           18.3          39            ---
                        ----------------------------------------------------------------------------
                      
                      
                      ------------------------------------------------------------------------------
27/Nov/2024 12:53:52  35% of all mesh edges seem to be longer than expected. The adaptive mesh refinement's growth limitation will therefore 
                      use 29948 instead of 7996 mesh cells as a reference.
                      
                      ------------------------------------------------------------------------------
27/Nov/2024 12:53:52  The wavelength based mesh refinement has been applied to 0.2% of all mesh edges.
                      
                      ------------------------------------------------------------------------------
27/Nov/2024 12:53:53  Adaptive mesh refinement pass 2
                      
                      ------------------------------------------------------------------------------
27/Nov/2024 12:53:58    Matrix setup time        :	1 s
                        Solver setup             :	1 s
                        Degrees of freedom       :	77933
                        Number of mesh cells     :	11496
                      
                        Stimulation port         :	1
                        Mode number              :	1
                        Accuracy                 :	9.6292e-05
                        Iterations               :	42
                        Solver time              :	3 s
                      
                      
                      ------------------------------------------------------------------------------
27/Nov/2024 12:53:58  *** Warning ***
                      
27/Nov/2024 12:53:58  The input reflection seems to be large at 4 GHz. The mesh adaptation sample will not be moved again. Please define a 
                      suitable constant adaptation frequency.  More...
                      
                      ------------------------------------------------------------------------------
27/Nov/2024 12:54:00  Adaptive mesh refinement pass 3
                      
                      ------------------------------------------------------------------------------
27/Nov/2024 12:54:03    Matrix setup time        :	1 s
                        Degrees of freedom       :	93881
                        Number of mesh cells     :	13861
                      
                        Stimulation port         :	1
                        Mode number              :	1
                        Accuracy                 :	5.67293e-05
                        Iterations               :	31
                        Solver time              :	2 s
                      
                      
                      ------------------------------------------------------------------------------
27/Nov/2024 12:54:03    Delta calculation        
27/Nov/2024 12:54:03    All S-Parameters         :	0.0797605

                      ------------------------------------------------------------------------------
27/Nov/2024 12:54:05  Adaptive mesh refinement pass 4
                      
                      ------------------------------------------------------------------------------
27/Nov/2024 12:54:08    Matrix setup time        :	1 s
                        Degrees of freedom       :	112221
                        Number of mesh cells     :	16587
                      
                        Stimulation port         :	1
                        Mode number              :	1
                        Accuracy                 :	9.53814e-05
                        Iterations               :	26
                        Solver time              :	2 s
                      
                      
                      ------------------------------------------------------------------------------
27/Nov/2024 12:54:08    Delta calculation        
27/Nov/2024 12:54:08    All S-Parameters         :	0.034154

                      ------------------------------------------------------------------------------
27/Nov/2024 12:54:10  Adaptive mesh refinement pass 5
                      
                      ------------------------------------------------------------------------------
27/Nov/2024 12:54:14    Matrix setup time        :	2 s
                        Solver setup             :	1 s
                        Degrees of freedom       :	139541
                        Number of mesh cells     :	20712
                      
                        Stimulation port         :	1
                        Mode number              :	1
                        Accuracy                 :	8.46625e-05
                        Iterations               :	22
                        Solver time              :	1 s
                      
                      
                      ------------------------------------------------------------------------------
27/Nov/2024 12:54:15    Delta calculation        
27/Nov/2024 12:54:15    All S-Parameters         :	0.019117

                      ------------------------------------------------------------------------------
27/Nov/2024 12:54:15  Mesh adaptation terminated because the desired accuracy limit is reached.
                      
                      ------------------------------------------------------------------------------
27/Nov/2024 12:54:15    Total time               :	24 s
                      
                      ------------------------------------------------------------------------------

                      ------------------------------------------------------------------------------
27/Nov/2024 12:54:15    Calculation 3 (Frequency: 3.25 GHz)
                      
                      
                      ------------------------------------------------------------------------------
27/Nov/2024 12:54:15  *** Warning ***
                      
27/Nov/2024 12:54:15  At least one propagating mode is not considered at port 1. 
                      
                      ------------------------------------------------------------------------------
27/Nov/2024 12:54:15    ----------------------------------------------------------------------------
                        Port   Mode   Type        Z-Wave        Z-Wave-Sigma  Z-Line        F-Cutoff
                        1      1      QTEM        206           18.5          39            ---
                        ----------------------------------------------------------------------------
                      
                      
                      ------------------------------------------------------------------------------
27/Nov/2024 12:54:18    Matrix setup time        :	1 s
                        Solver setup             :	1 s
                        Degrees of freedom       :	139541
                        Number of mesh cells     :	20712
                      
                        Stimulation port         :	1
                        Mode number              :	1
                        Accuracy                 :	8.59989e-05
                        Iterations               :	19
                        Solver time              :	1 s
                      
                      
                      ------------------------------------------------------------------------------
27/Nov/2024 12:54:18    Total time               :	3 s
                      
                      ------------------------------------------------------------------------------

                      ------------------------------------------------------------------------------
27/Nov/2024 12:54:18    Calculation 4 (Frequency: 1.75 GHz)
                      
                      
                      ------------------------------------------------------------------------------
27/Nov/2024 12:54:19    ----------------------------------------------------------------------------
                        Port   Mode   Type        Z-Wave        Z-Wave-Sigma  Z-Line        F-Cutoff
                        1      1      QTEM        209           19.2          39.2          ---
                        ----------------------------------------------------------------------------
                      
                      
                      ------------------------------------------------------------------------------
27/Nov/2024 12:54:21    Matrix setup time        :	1 s
                        Degrees of freedom       :	139541
                        Number of mesh cells     :	20712
                      
                        Stimulation port         :	1
                        Mode number              :	1
                        Accuracy                 :	9.13451e-05
                        Iterations               :	16
                        Solver time              :	1 s
                      
                      
                      ------------------------------------------------------------------------------
27/Nov/2024 12:54:21    Total time               :	3 s
                      
                      ------------------------------------------------------------------------------

                      ------------------------------------------------------------------------------
27/Nov/2024 12:54:21    Calculation 5 (Frequency: 1 GHz)
                      
                      
                      ------------------------------------------------------------------------------
27/Nov/2024 12:54:22    ----------------------------------------------------------------------------
                        Port   Mode   Type        Z-Wave        Z-Wave-Sigma  Z-Line        F-Cutoff
                        1      1      QTEM        209           18.7          39.3          ---
                        ----------------------------------------------------------------------------
                      
                      
                      ------------------------------------------------------------------------------
27/Nov/2024 12:54:24    Matrix setup time        :	1 s
                        Degrees of freedom       :	139541
                        Number of mesh cells     :	20712
                      
                        Stimulation port         :	1
                        Mode number              :	1
                        Accuracy                 :	6.56466e-05
                        Iterations               :	14
                        Solver time              :	1 s
                      
                      
                      ------------------------------------------------------------------------------
27/Nov/2024 12:54:25    Generating results       :	1 s
                      
                        Total time               :	4 s
                      
                      ------------------------------------------------------------------------------

                      ------------------------------------------------------------------------------
27/Nov/2024 12:54:25    Calculation 2 (Frequency: 2.5 GHz)
                      
                      
                      ------------------------------------------------------------------------------
27/Nov/2024 12:54:25  *** Warning ***
                      
27/Nov/2024 12:54:25  At least one propagating mode is not considered at port 1. 
                      
                      ------------------------------------------------------------------------------
27/Nov/2024 12:54:25    ----------------------------------------------------------------------------
                        Port   Mode   Type        Z-Wave        Z-Wave-Sigma  Z-Line        F-Cutoff
                        1      1      QTEM        208           19.1          39.1          ---
                        ----------------------------------------------------------------------------
                      
                      
                      ------------------------------------------------------------------------------
27/Nov/2024 12:54:28    Matrix setup time        :	1 s
                        Solver setup             :	1 s
                        Degrees of freedom       :	139541
                        Number of mesh cells     :	20712
                      
                        Stimulation port         :	1
                        Mode number              :	1
                        Accuracy                 :	7.97136e-05
                        Iterations               :	12
                        Solver time              :	1 s
                      
                      
                      ------------------------------------------------------------------------------
27/Nov/2024 12:54:28    Total time               :	3 s
                      
                      ------------------------------------------------------------------------------

                      ------------------------------------------------------------------------------
27/Nov/2024 12:54:28    Calculation 6 (Frequency: 3.592 GHz)
                      
                      
                      ------------------------------------------------------------------------------
27/Nov/2024 12:54:29  *** Warning ***
                      
27/Nov/2024 12:54:29  At least one propagating mode is not considered at port 1. 
                      
                      ------------------------------------------------------------------------------
27/Nov/2024 12:54:29    ----------------------------------------------------------------------------
                        Port   Mode   Type        Z-Wave        Z-Wave-Sigma  Z-Line        F-Cutoff
                        1      1      QTEM        206           18.6          39            ---
                        ----------------------------------------------------------------------------
                      
                      
                      ------------------------------------------------------------------------------
27/Nov/2024 12:54:32    Matrix setup time        :	1 s
                        Degrees of freedom       :	139541
                        Number of mesh cells     :	20712
                      
                        Stimulation port         :	1
                        Mode number              :	1
                        Accuracy                 :	6.26371e-05
                        Iterations               :	17
                        Solver time              :	2 s
                      
                      
                      ------------------------------------------------------------------------------
27/Nov/2024 12:54:32    Total time               :	4 s
                      
                      ------------------------------------------------------------------------------

                      ------------------------------------------------------------------------------
27/Nov/2024 12:54:32    Calculation 7 (Frequency: 1.339 GHz)
                      
                      
                      ------------------------------------------------------------------------------
27/Nov/2024 12:54:32    ----------------------------------------------------------------------------
                        Port   Mode   Type        Z-Wave        Z-Wave-Sigma  Z-Line        F-Cutoff
                        1      1      QTEM        210           19.1          39.2          ---
                        ----------------------------------------------------------------------------
                      
                      
                      ------------------------------------------------------------------------------
27/Nov/2024 12:54:34    Matrix setup time        :	1 s
                        Degrees of freedom       :	139541
                        Number of mesh cells     :	20712
                      
                        Stimulation port         :	1
                        Mode number              :	1
                        Accuracy                 :	6.38093e-05
                        Iterations               :	11
                        Solver time              :	1 s
                      
                      
                      ------------------------------------------------------------------------------
27/Nov/2024 12:54:34    Total time               :	2 s
                      
                      ------------------------------------------------------------------------------

                      ------------------------------------------------------------------------------
27/Nov/2024 12:54:34    Calculation 8 (Frequency: 2.08 GHz)
                      
                      
                      ------------------------------------------------------------------------------
27/Nov/2024 12:54:35    ----------------------------------------------------------------------------
                        Port   Mode   Type        Z-Wave        Z-Wave-Sigma  Z-Line        F-Cutoff
                        1      1      QTEM        209           19.4          39.1          ---
                        ----------------------------------------------------------------------------
                      
                      
                      ------------------------------------------------------------------------------
27/Nov/2024 12:54:37    Matrix setup time        :	1 s
                        Degrees of freedom       :	139541
                        Number of mesh cells     :	20712
                      
                        Stimulation port         :	1
                        Mode number              :	1
                        Accuracy                 :	8.62245e-05
                        Iterations               :	10
                        Solver time              :	1 s
                      
                      
                      ------------------------------------------------------------------------------
27/Nov/2024 12:54:37    Total time               :	3 s
                      
                      ------------------------------------------------------------------------------

                      ------------------------------------------------------------------------------
27/Nov/2024 12:54:37  Finished the general purpose interpolative broadband frequency sweep:
                      All broadband sweep convergence criteria have been satisfied after
                      calculating 8 frequency samples:
                      
                        Broadband sweep error threshold value : 
                                                                0.01 (All S-Parameters) 
                        Number of error criterion checks      : 
                                                                2 (All S-Parameters) 
                        Minimum number of samples             : 3
                      
                      
                      ------------------------------------------------------------------------------
27/Nov/2024 12:54:37    Total Solver Time        :	104 s	 (= 0 h, 01 m, 44 s)
                      ================================================================================
                      
                      
                      
                      ------------------------------------------------------------------------------
27/Nov/2024 12:54:37  Calculating remaining monitors.
                      
                      ------------------------------------------------------------------------------
27/Nov/2024 12:54:38    ----------------------------------------------------------------------------
                                            Peak memory used (kB)         Free physical memory (kB) 
                                                                          At begin     Minimum      
                        ----------------------------------------------------------------------------
                        Solver start        25812                         9589844      9588644      
                        Eq. system setup    745472                        9253108      8010264      
                        Eq. system solve    752656                        9207328      7936184      
                        Mesh refinement     666484                        9095388      7963156      
                        Solver run total    752656                        9589848      7939840      
                      
                        Computer name       DESKTOP-J6PE05U
                        ----------------------------------------------------------------------------
                      
                      
                      ------------------------------------------------------------------------------
27/Nov/2024 12:54:38  Running postprocessing.
                      
                      ------------------------------------------------------------------------------
27/Nov/2024 12:54:49  Postprocessing finished.
                      
                      ------------------------------------------------------------------------------
