Unknown:
D:\Facultad\electromag_2\Antena_Patch\Antena_Patch_2.4GHz_2x2\CST\Path 750MHz\Result\Estimate (#0000).err
D:\Facultad\electromag_2\Antena_Patch\Antena_Patch_2.4GHz_2x2\CST\Path 750MHz\Result\farfield (f=750)_1.fme
D:\Facultad\electromag_2\Antena_Patch\Antena_Patch_2.4GHz_2x2\CST\Path 750MHz\Result\hardware_resources.sconf
D:\Facultad\electromag_2\Antena_Patch\Antena_Patch_2.4GHz_2x2\CST\Path 750MHz\Result\loss (#0002)_1(1).pwr
D:\Facultad\electromag_2\Antena_Patch\Antena_Patch_2.4GHz_2x2\CST\Path 750MHz\Result\ml_info.dat
D:\Facultad\electromag_2\Antena_Patch\Antena_Patch_2.4GHz_2x2\CST\Path 750MHz\Result\ml_info.log
D:\Facultad\electromag_2\Antena_Patch\Antena_Patch_2.4GHz_2x2\CST\Path 750MHz\Result\Model.log
D:\Facultad\electromag_2\Antena_Patch\Antena_Patch_2.4GHz_2x2\CST\Path 750MHz\Result\Model.sa
D:\Facultad\electromag_2\Antena_Patch\Antena_Patch_2.4GHz_2x2\CST\Path 750MHz\Result\Port1_e1(#0000).sct
D:\Facultad\electromag_2\Antena_Patch\Antena_Patch_2.4GHz_2x2\CST\Path 750MHz\Result\Port1_e1(#0001).sct
D:\Facultad\electromag_2\Antena_Patch\Antena_Patch_2.4GHz_2x2\CST\Path 750MHz\Result\Port1_e1(#0002).sct
D:\Facultad\electromag_2\Antena_Patch\Antena_Patch_2.4GHz_2x2\CST\Path 750MHz\Result\Port1_e1(#0003).sct
D:\Facultad\electromag_2\Antena_Patch\Antena_Patch_2.4GHz_2x2\CST\Path 750MHz\Result\Port1_e1(#0004).sct
D:\Facultad\electromag_2\Antena_Patch\Antena_Patch_2.4GHz_2x2\CST\Path 750MHz\Result\Port1_e1(#0005).sct
D:\Facultad\electromag_2\Antena_Patch\Antena_Patch_2.4GHz_2x2\CST\Path 750MHz\Result\Port1_eInfo1(#0000).pmf
D:\Facultad\electromag_2\Antena_Patch\Antena_Patch_2.4GHz_2x2\CST\Path 750MHz\Result\Port1_eInfo1(#0001).pmf
D:\Facultad\electromag_2\Antena_Patch\Antena_Patch_2.4GHz_2x2\CST\Path 750MHz\Result\Port1_eInfo1(#0002).pmf
D:\Facultad\electromag_2\Antena_Patch\Antena_Patch_2.4GHz_2x2\CST\Path 750MHz\Result\Port1_eInfo1(#0003).pmf
D:\Facultad\electromag_2\Antena_Patch\Antena_Patch_2.4GHz_2x2\CST\Path 750MHz\Result\Port1_eInfo1(#0004).pmf
D:\Facultad\electromag_2\Antena_Patch\Antena_Patch_2.4GHz_2x2\CST\Path 750MHz\Result\Port1_eInfo1(#0005).pmf
D:\Facultad\electromag_2\Antena_Patch\Antena_Patch_2.4GHz_2x2\CST\Path 750MHz\Result\Port1_h1(#0000).sct
D:\Facultad\electromag_2\Antena_Patch\Antena_Patch_2.4GHz_2x2\CST\Path 750MHz\Result\Port1_h1(#0001).sct
D:\Facultad\electromag_2\Antena_Patch\Antena_Patch_2.4GHz_2x2\CST\Path 750MHz\Result\Port1_h1(#0002).sct
D:\Facultad\electromag_2\Antena_Patch\Antena_Patch_2.4GHz_2x2\CST\Path 750MHz\Result\Port1_h1(#0003).sct
D:\Facultad\electromag_2\Antena_Patch\Antena_Patch_2.4GHz_2x2\CST\Path 750MHz\Result\Port1_h1(#0004).sct
D:\Facultad\electromag_2\Antena_Patch\Antena_Patch_2.4GHz_2x2\CST\Path 750MHz\Result\Port1_h1(#0005).sct
D:\Facultad\electromag_2\Antena_Patch\Antena_Patch_2.4GHz_2x2\CST\Path 750MHz\Result\Port1_hInfo1(#0000).pmf
D:\Facultad\electromag_2\Antena_Patch\Antena_Patch_2.4GHz_2x2\CST\Path 750MHz\Result\Port1_hInfo1(#0001).pmf
D:\Facultad\electromag_2\Antena_Patch\Antena_Patch_2.4GHz_2x2\CST\Path 750MHz\Result\Port1_hInfo1(#0002).pmf
D:\Facultad\electromag_2\Antena_Patch\Antena_Patch_2.4GHz_2x2\CST\Path 750MHz\Result\Port1_hInfo1(#0003).pmf
D:\Facultad\electromag_2\Antena_Patch\Antena_Patch_2.4GHz_2x2\CST\Path 750MHz\Result\Port1_hInfo1(#0004).pmf
D:\Facultad\electromag_2\Antena_Patch\Antena_Patch_2.4GHz_2x2\CST\Path 750MHz\Result\Port1_hInfo1(#0005).pmf
D:\Facultad\electromag_2\Antena_Patch\Antena_Patch_2.4GHz_2x2\CST\Path 750MHz\Result\SolCoef(#0000)_1(1).scf
D:\Facultad\electromag_2\Antena_Patch\Antena_Patch_2.4GHz_2x2\CST\Path 750MHz\Result\SolCoef(#0001)_1(1).scf
D:\Facultad\electromag_2\Antena_Patch\Antena_Patch_2.4GHz_2x2\CST\Path 750MHz\Result\SolCoef(#0002)_1(1).scf
D:\Facultad\electromag_2\Antena_Patch\Antena_Patch_2.4GHz_2x2\CST\Path 750MHz\Result\SolCoef(#0003)_1(1).scf
D:\Facultad\electromag_2\Antena_Patch\Antena_Patch_2.4GHz_2x2\CST\Path 750MHz\Result\SolCoef(#0004)_1(1).scf
D:\Facultad\electromag_2\Antena_Patch\Antena_Patch_2.4GHz_2x2\CST\Path 750MHz\Result\SolCoef(#0005)_1(1).scf
Mesh:
D:\Facultad\electromag_2\Antena_Patch\Antena_Patch_2.4GHz_2x2\CST\Path 750MHz\Result\3do.slim
D:\Facultad\electromag_2\Antena_Patch\Antena_Patch_2.4GHz_2x2\CST\Path 750MHz\Result\log.tet
D:\Facultad\electromag_2\Antena_Patch\Antena_Patch_2.4GHz_2x2\CST\Path 750MHz\Result\Mesh_Input.Entities2Mesh.tet
D:\Facultad\electromag_2\Antena_Patch\Antena_Patch_2.4GHz_2x2\CST\Path 750MHz\Result\Mesh_Input.Options.tet
D:\Facultad\electromag_2\Antena_Patch\Antena_Patch_2.4GHz_2x2\CST\Path 750MHz\Result\Mesh_Input.QuasiModel.tet
D:\Facultad\electromag_2\Antena_Patch\Antena_Patch_2.4GHz_2x2\CST\Path 750MHz\Result\Mesh_Output.QuasiModel.tet
D:\Facultad\electromag_2\Antena_Patch\Antena_Patch_2.4GHz_2x2\CST\Path 750MHz\Result\Mesh_Output.U2F.tet
D:\Facultad\electromag_2\Antena_Patch\Antena_Patch_2.4GHz_2x2\CST\Path 750MHz\Result\mir.tet
D:\Facultad\electromag_2\Antena_Patch\Antena_Patch_2.4GHz_2x2\CST\Path 750MHz\Result\moegeom.tet
D:\Facultad\electromag_2\Antena_Patch\Antena_Patch_2.4GHz_2x2\CST\Path 750MHz\Result\Port1.slim
D:\Facultad\electromag_2\Antena_Patch\Antena_Patch_2.4GHz_2x2\CST\Path 750MHz\Result\refinementparents.tet
D:\Facultad\electromag_2\Antena_Patch\Antena_Patch_2.4GHz_2x2\CST\Path 750MHz\Result\reftags.tet
D:\Facultad\electromag_2\Antena_Patch\Antena_Patch_2.4GHz_2x2\CST\Path 750MHz\Result\tetquality.tet
D:\Facultad\electromag_2\Antena_Patch\Antena_Patch_2.4GHz_2x2\CST\Path 750MHz\Result\topot.tet
Port:
D:\Facultad\electromag_2\Antena_Patch\Antena_Patch_2.4GHz_2x2\CST\Path 750MHz\Result\Model.pmi
