=================================================================
 - pinning rule in use   : PINNING_RULE_MCALC_SKIP_ALL
 - desired group         : 0, sockets = 0
 - num cores available   : 24
 - num accessible procs          : 24
 - num logical procs             : 24
 - affinity (main thread)        : 111111111111111111111111
 - sockets                       : 0
 - potential cores               : 0,2,4,6,8,10,12,14,16,18,20,22
 - affinity                      : 101010101010101010101010
 - core list                  (3): 0,2,4,6,8,10,12,14,16,18,20,22
 - active cores          : 0,2,4,6,8,10,12,14,16,18,20,22
 - hyperthreading        : on
 - allowed core ids      : 0,2,4,6,8,10,12,14,16,18,20,22
 - allowed core ids (aff): 101010101010 101010101010 
 - used mask (string)    : 101010101010 101010101010 
=================================================================

==========================================================================
Version: 2022.0 Release from 2021-08-23 (change 895802) [Release]
Workflow: QQ-Facets
Operation: [acis, fpba, bg, connectivity-tree]
Architecture: Windows, ID: AMD64
System Windows-64bit
Using processor group 0/1
HEX Mesh information:
Hex mesh: global: [hxr o(0 | 0 | 0) s(73 | 85 | 34) np (no TSTs): 210970] 
==========================================================================

>>>>>>>>>>>>>>>>>>>>>>>>>>>>>
2025 Mar 07 (Fri):  01:36:48
started: processing CAD model
>>>>>>>>>>>>>>>>>>>>>>>>>>>>>

========================================================================
Processing CAD model (for field results)
	[Improved internal geometry representation]
	[Accuracy improvement for long shapes in inhomogeneous mesh regions]
Version 2022.0 (build 20210823)
PBA version 2020111021
Sub-Workflow: Facets-QQ-GEX
Workflow updated: -
2025 Mar 07 (Fri):  01:36:48
========================================================================

===========================================
Finished CAD processing (for field results)
===========================================

<<<<<<<<<<<<<<<<<<<<<<<<<<<<<<<<<<<<<<<<<<
2025 Mar 07 (Fri):  01:36:48
Resource usage for processing CAD model:
	Runtime                 00:00:00.00286
	Peak Memory Usage:               30 MB
<<<<<<<<<<<<<<<<<<<<<<<<<<<<<<<<<<<<<<<<<<

------------------------------------------------------------------------------------------------------------------------------
PBAMeshFeedback - InfoMap: 0[ms] - SBCell navigation: Using legacy edges - CornerCorrectionLinesAndWires: 0[ms] - Write: 0[ms]
------------------------------------------------------------------------------------------------------------------------------

Frontend-Node:  =======================================================================
                FPBA has been activated in order to calculate connectivity information.
                =======================================================================

>>>>>>>>>>>>>>>>>>>>>>>>>>>>>>>>
2025 Mar 07 (Fri):  01:37:01
started: parallelization control
>>>>>>>>>>>>>>>>>>>>>>>>>>>>>>>>

=================================================================
 - pinning rule in use   : PINNING_RULE_MCALC_SKIP_ALL
 - desired group         : 0, sockets = 0
 - num cores available   : 24
 - num accessible procs          : 24
 - num logical procs             : 24
 - affinity (main thread)        : 111111111111111111111111
 - sockets                       : 0
 - potential cores               : 0,2,4,6,8,10,12,14,16,18,20,22
 - affinity                      : 101010101010101010101010
 - core list                  (3): 0,2,4,6,8,10,12,14,16,18,20,22
 - active cores          : 0,2,4,6,8,10,12,14,16,18,20,22
 - hyperthreading        : on
 - allowed core ids      : 0,2,4,6,8,10,12,14,16,18,20,22
 - allowed core ids (aff): 101010101010 101010101010 
 - used mask (string)    : 101010101010 101010101010 
=================================================================

==========================================================================
Version: 2022.0 Release from 2021-08-23 (change 895802) [Release]
Workflow: QQ-Facets
Operation: [acis, fpba, bg]
Architecture: Windows, ID: AMD64
System Windows-64bit
Using processor group 0/1
HEX Mesh information:
Hex mesh: global: [hxr o(0 | 0 | 0) s(73 | 85 | 34) np (no TSTs): 210970] 
==========================================================================

>>>>>>>>>>>>>>>>>>>>>>>>>>>>>
2025 Mar 07 (Fri):  01:37:01
started: processing CAD model
>>>>>>>>>>>>>>>>>>>>>>>>>>>>>

========================================================================
Processing CAD model
	[Improved internal geometry representation]
	[Accuracy improvement for long shapes in inhomogeneous mesh regions]
Version 2022.0 (build 20210823)
PBA version 2020111021
Sub-Workflow: Facets-QQ
Workflow updated: -
2025 Mar 07 (Fri):  01:37:01
========================================================================

---------------------------------------------
Used point accuracy enhancement value: 7.00%.
---------------------------------------------

=============================================================================
Mesh statistics:
-----------------------------------------------------------------------------
Minimum edge length (x): 0.5 @ mesh line 40 (x)
Maximum edge length (x): 4.94 @ mesh line 69 (x)
Minimum face area (x): 0.181 @ mesh lines 43 | 10 (y | z)
Maximum face area (x): 22.8 @ mesh lines 83 | 32 (y | z)
Minimum edge length (y): 0.517 @ mesh line 43 (y)
Maximum edge length (y): 4.61 @ mesh line 83 (y)
Minimum face area (y): 0.175 @ mesh lines 10 | 40 (z | x)
Maximum face area (y): 24.4 @ mesh lines 32 | 69 (z | x)
Minimum edge length (z): 0.35 @ mesh line 10 (z)
Maximum edge length (z): 4.94 @ mesh line 32 (z)
Minimum face area (z): 0.258 @ mesh lines 40 | 43 (x | y)
Maximum face area (z): 22.8 @ mesh lines 69 | 83 (x | y)
Maximum mesh face aspect ratio (x): 13.2 : 1.0  @ mesh lines 83 | 10 (y | z)
Maximum mesh face aspect ratio (y): 14.1 : 1.0  @ mesh lines 10 | 69 (z | x)
Maximum mesh face aspect ratio (z): 9.56 : 1.0  @ mesh lines 69 | 43 (x | y)
=============================================================================

=============================================================================
Available resources to store TST cells: 2147272677 (1017809.49% of mesh size)
=============================================================================

************************************************************************************************
General settings
	PBA version: default
------------------------------------------------------------------------------------------------
Geometry processor: default
	Geo accuracy: 7.000000
	Watertightness check: true
	Self intersection check: false
	Inheritance (all): false
	Normal dominance (all): false
	Normal dominance (ports): false
	Flanges hollow: true
	One shape per flange: false
	Multi threading: false
		max # of threads used: 1
		requested max # of threads: 1
		representation: ppm
		method: single thread
		retry: no
------------------------------------------------------------------------------------------------
Connectivity settings
	Workflow selection: 0
	Workflow version: 20190101
	Gap detection: true
	Gap detection version: 2
	TST version: 2
	QQ workflow: true
	CoCo workflow: true
	Legacy topology: false
	Connectivity check: true
------------------------------------------------------------------------------------------------
************************************************************************************************

------------------------------------------------------------------------------------------------
Geometry processing log
	PEC background is represented by CAD geometry: false
	Background shape: used
	Number of CAD shapes: 6
	Number of lumps: 0
------------------------------------------------------------------------------------------------
===================================================================================================
== CST Matrix Calculation Priority Log
===================================================================================================
 
Priorities are sorted in ascending order beginning with the lowest priority
 
Priority-group: 1, shape 7: </cst/Boundaries/> Low^X,   material: $NFSMaterial$,  user-priority: 0.000000,   material-attributes: normal.vacuum,  shape-attributes: boundary,    scheme type:FIT_TD
Priority-group: 1, shape 8: </cst/Boundaries/> Low^Y,   material: $NFSMaterial$,  user-priority: 0.000000,   material-attributes: normal.vacuum,  shape-attributes: boundary,    scheme type:FIT_TD
Priority-group: 1, shape 9: </cst/Boundaries/> Low^Z,   material: $NFSMaterial$,  user-priority: 0.000000,   material-attributes: normal.vacuum,  shape-attributes: boundary,    scheme type:FIT_TD
Priority-group: 1, shape 10: </cst/Boundaries/> Up^X,    material: $NFSMaterial$,  user-priority: 0.000000,   material-attributes: normal.vacuum,  shape-attributes: boundary,    scheme type:FIT_TD
Priority-group: 1, shape 11: </cst/Boundaries/> Up^Y,    material: $NFSMaterial$,  user-priority: 0.000000,   material-attributes: normal.vacuum,  shape-attributes: boundary,    scheme type:FIT_TD
Priority-group: 1, shape 12: </cst/Boundaries/> Up^Z,    material: $NFSMaterial$,  user-priority: 0.000000,   material-attributes: normal.vacuum,  shape-attributes: boundary,    scheme type:FIT_TD
Priority-group: 2, shape 4: Guia alimentacion:Sustrato1,    material: FR-4 (loss free),   user-priority: 0.000000,   2D/3D-geometry: true, material-attributes: normal, shape-attributes: solid,   scheme type:FIT_TD
Priority-group: 2, shape 5: Guia alimentacion:Sustrato2,    material: FR-4 (loss free),   user-priority: 0.000000,   2D/3D-geometry: true, material-attributes: normal, shape-attributes: solid,   scheme type:FIT_TD
Priority-group: 2, shape 6: Guia alimentacion:aire, material: Air,    user-priority: 0.000000,   2D/3D-geometry: true, material-attributes: normal.rho, shape-attributes: solid,   scheme type:FIT_TD
Priority-group: 3, shape 1: Guia alimentacion:Antena,   material: Copper (pure),  user-priority: 0.000000,   2D/3D-geometry: true, material-attributes: pec.rho.surface-impedance,  shape-attributes: solid,   scheme type:FIT_TD
Priority-group: 3, shape 2: Guia alimentacion:Guia alimentacion,    material: Copper (pure),  user-priority: 0.000000,   2D/3D-geometry: true, material-attributes: pec.rho.surface-impedance,  shape-attributes: solid,   scheme type:FIT_TD
Priority-group: 3, shape 3: Guia alimentacion:Ranura,   material: Copper (pure),  user-priority: 0.000000,   2D/3D-geometry: true, material-attributes: pec.rho.surface-impedance,  shape-attributes: solid,   scheme type:FIT_TD
 
===================================================================================================
 
=======================
Finished CAD processing
=======================

<<<<<<<<<<<<<<<<<<<<<<<<<<<<<<<<<<<<<<<<<<
2025 Mar 07 (Fri):  01:37:02
Resource usage for processing CAD model:
	Runtime                 00:00:00.00074
	Peak Memory Usage:               22 MB
<<<<<<<<<<<<<<<<<<<<<<<<<<<<<<<<<<<<<<<<<<

------------------------------------------------------------
Parallelization Info
------------------------------------------------------------
Hyperthreading active: true
Hyperthreading used: false
Number of concurrent threads: 8
Number of node domains: 8
Domains-to-threads scaling: 2
Average FI domain size: 3e+04
Nice mode: true
Delayed matrix calculation start: false
Load balancing: Version 20090403
Number of mesh fill domains: 8
Memory downscale: 1
CPU load: 66.67%
Emptiness: 0.00%
Hex mesh complexity: 0.19958
Geometric complexity: 0.00092
lower size limit of domain (1D): 60
------------------------------------------------------------
Node order
6, 2, 1, 7, 4, 3, 0, 5
------------------------------------------------------------

------------------------------------------------------------------
Matrix calculation job submit section 0
Currently running jobs: 0
Waiting jobs: 8
Concurrency for section: 8/8
Matrix calculation node 6
	Mesh coverage: 3418800.00 %
	Estimated peak memory usage per node: 83 MB, tightness: 0.58 %
	Processor group: 0
Matrix calculation node 2
	Mesh coverage: 2613600.00 %
	Estimated peak memory usage per node: 82 MB, tightness: 0.57 %
	Processor group: 0
Matrix calculation node 1
	Mesh coverage: 2613600.00 %
	Estimated peak memory usage per node: 80 MB, tightness: 0.56 %
	Processor group: 0
Matrix calculation node 7
	Mesh coverage: 3418800.00 %
	Estimated peak memory usage per node: 75 MB, tightness: 0.53 %
	Processor group: 0
Matrix calculation node 4
	Mesh coverage: 1881000.00 %
	Estimated peak memory usage per node: 75 MB, tightness: 0.53 %
	Processor group: 0
Matrix calculation node 3
	Mesh coverage: 2613600.00 %
	Estimated peak memory usage per node: 70 MB, tightness: 0.49 %
	Processor group: 0
Matrix calculation node 0
	Mesh coverage: 2494800.00 %
	Estimated peak memory usage per node: 70 MB, tightness: 0.49 %
	Processor group: 0
Matrix calculation node 5
	Mesh coverage: 1881000.00 %
	Estimated peak memory usage per node: 61 MB, tightness: 0.43 %
	Processor group: 0
------------------------------------------------------------------

------------------------------------
Mesh: # of points excl. TSTs: 210970
      # of points incl. TSTs: 210970
------------------------------------

===========================================
Data rearrangement statistics:
Disk IO directories:	00:00:00.0003
Disk IO node domain files:	00:00:00.0370
Disk IO FI domain files:	00:00:00.0000
Disk IO meta information:	00:00:00.0065
Sequential merge (TST):	00:00:00.0000
===========================================

1xN000:  ================================================================================================
          - pinning rule in use   : PINNING_RULE_MCALC_SKIP_ALL
          - desired group         : 0, sockets = 0
          - num cores available   : 24
          - num accessible procs          : 24
          - num logical procs             : 24
          - affinity (main thread)        : 111111111111111111111111
          - sockets                       : 0
          - potential cores               : 0,1,2,3,4,5,6,7,8,9,10,11,12,13,14,15,16,17,18,19,20,21,22,23
          - affinity                      : 111111111111111111111111
          - core list                  (3): 0,1,2,3,4,5,6,7,8,9,10,11,12,13,14,15,16,17,18,19,20,21,22,23
          - active cores          : 0,1,2,3,4,5,6,7,8,9,10,11,12,13,14,15,16,17,18,19,20,21,22,23
          - hyperthreading        : on
          - skip pinning: + allowed number of sockets = available number of sockets
                          + hyperthreading allowed by solver
         ================================================================================================

1xN000:  ===================================================================================================
         Version: 2022.0 Release from 2021-08-23 (change 895802) [Release]
         Workflow: PBA matrix coefficients
         Operation: [fpba, meshfill, bg, port-path, tst, tst-nextgen, coeff, surface-imp, connectivity-tree]
         Architecture: Windows, ID: AMD64
         System Windows-64bit
         Using processor group 0/1
         HEX Mesh information:
         Hex mesh: node: [hxr o(0 | 0 | 0) s(37 | 22 | 34) np (no TSTs): 27676]
         Hex mesh: extended: [hxr o(0 | 0 | 0) s(38 | 23 | 34) np (no TSTs): 29716]
         ===================================================================================================

1xN000:  ------------------------------------------------------
         Memory status  on node "1xN000" for matrix calculation
         	Estimated memory consumption: 0.0696301 GB
         	Physical memory installed: 34.1752 GB
         	Available physical memory: 14.083 GB
         	Available relative memory: 41.2082%s
         ------------------------------------------------------

1xN000:  >>>>>>>>>>>>>>>>>>>>>>>>>>>>>>>>>>>>>>>>>>>>>>>>>
         2025 Mar 07 (Fri):  01:37:02
         started: calculating matrix coefficients per node
         >>>>>>>>>>>>>>>>>>>>>>>>>>>>>>>>>>>>>>>>>>>>>>>>>

1xN000:  ================================================================
         Matrix computation (PBA)
         	[PERFECT BOUNDARY APPROXIMATION (PBA) (R), version: default]
         	[GPU acceleration: off (by user)]
         Version 2022.0 (build 20210823)
         PBA version 2020111021
         Sub-Workflow: FARM-1xN-TST2-Node
         Workflow updated: -
         2025 Mar 07 (Fri):  01:37:02
         ================================================================

1xN000:  ---------------------------------------------
         Used point accuracy enhancement value: 7.00%.
         ---------------------------------------------

1xN000:  FARM allocation scheme: BBM
1xN000:  Gap-Detection activated for FARM-topology. Gaps are resolved, even partially.: gap tolerance value is 0.001000 and mesh geometry scale is 0.001000
1xN000:
1xN000:



1xN000:  ----------------------
         Acceleration mode: CPU
         ----------------------

1xN000:  Port homogenization method: M2H point index deviation
1xN000:  cccccccccccccccccccccccccccccccccccccccccccccccccccccccccccccccccccc
         FARM/Meshfill cache is set to 8 (local FI domains: 4, dynamic: true)
         cccccccccccccccccccccccccccccccccccccccccccccccccccccccccccccccccccc

1xN000:  =============================================================
         Hex cell analyzer settings:
         	max number of E fields per mesh edge: 2
         	max number of H fields per mesh face: 4
         	supporting dual grid: false
         	performance improvement: ROI limit: true
         	performance improvement: ROI threshold: 2
         	performance improvement: single topology extraction: true
         	performance improvement: pre-categorize cell volume: true
         	periodic align: 0
         	periodic cells: true
         	homogenization version: pid
         =============================================================

1xN000:  ssssssssssssssssssssssssssssssssssssssssss
         # of curls with SI accuracy enhancement: 0
         ssssssssssssssssssssssssssssssssssssssssss

1xN000:  ------------------------------------------------------------------------------
         PBA fill limit is applied in inverse mode.
         PBA fill limit is applied on faces filled with at least 98.07% metal material.
         --------------------------------------------------------------
         detailed accuracy settings:
         --------------------------------------------------------------
         augmented fill limit:       true
         augmented fill limit value: 98.07
         automatic fill limit:       true
         early fill limit:           true
         inverse fill limit:         true
         model complexity:           0.00
         legacy 2015:                false
         fixed point accuracy:       false
         minimum point accuracy:     0
         mesh step inheritance:      false
         accuracy mode:
         ------------------------------------------------------------------------------

1xN000:  =================================
         Finished matrix computation (PBA)
         =================================

1xN000:  <<<<<<<<<<<<<<<<<<<<<<<<<<<<<<<<<<<<<<<<<<<<<<<<<<<<<<<<<<<<
         2025 Mar 07 (Fri):  01:37:04
         Resource usage for calculating matrix coefficients per node:
         	Runtime                          00:00:01.00498
         	Peak Memory Estimation:                   70 MB
         	Peak Memory Usage:                        50 MB
         <<<<<<<<<<<<<<<<<<<<<<<<<<<<<<<<<<<<<<<<<<<<<<<<<<<<<<<<<<<<



1xN001:  ================================================================================================
          - pinning rule in use   : PINNING_RULE_MCALC_SKIP_ALL
          - desired group         : 0, sockets = 0
          - num cores available   : 24
          - num accessible procs          : 24
          - num logical procs             : 24
          - affinity (main thread)        : 111111111111111111111111
          - sockets                       : 0
          - potential cores               : 0,1,2,3,4,5,6,7,8,9,10,11,12,13,14,15,16,17,18,19,20,21,22,23
          - affinity                      : 111111111111111111111111
          - core list                  (3): 0,1,2,3,4,5,6,7,8,9,10,11,12,13,14,15,16,17,18,19,20,21,22,23
          - active cores          : 0,1,2,3,4,5,6,7,8,9,10,11,12,13,14,15,16,17,18,19,20,21,22,23
          - hyperthreading        : on
          - skip pinning: + allowed number of sockets = available number of sockets
                          + hyperthreading allowed by solver
         ================================================================================================

1xN001:  ===================================================================================================
         Version: 2022.0 Release from 2021-08-23 (change 895802) [Release]
         Workflow: PBA matrix coefficients
         Operation: [fpba, meshfill, bg, port-path, tst, tst-nextgen, coeff, surface-imp, connectivity-tree]
         Architecture: Windows, ID: AMD64
         System Windows-64bit
         Using processor group 0/1
         HEX Mesh information:
         Hex mesh: node: [hxr o(0 | 20 | 0) s(37 | 23 | 34) np (no TSTs): 28934]
         Hex mesh: extended: [hxr o(0 | 19 | 0) s(38 | 25 | 34) np (no TSTs): 32300]
         ===================================================================================================

1xN001:  ------------------------------------------------------
         Memory status  on node "1xN001" for matrix calculation
         	Estimated memory consumption: 0.080363 GB
         	Physical memory installed: 34.1752 GB
         	Available physical memory: 14.166 GB
         	Available relative memory: 41.4511%s
         ------------------------------------------------------

1xN001:  >>>>>>>>>>>>>>>>>>>>>>>>>>>>>>>>>>>>>>>>>>>>>>>>>
         2025 Mar 07 (Fri):  01:37:02
         started: calculating matrix coefficients per node
         >>>>>>>>>>>>>>>>>>>>>>>>>>>>>>>>>>>>>>>>>>>>>>>>>

1xN001:  ================================================================
         Matrix computation (PBA)
         	[PERFECT BOUNDARY APPROXIMATION (PBA) (R), version: default]
         	[GPU acceleration: off (by user)]
         Version 2022.0 (build 20210823)
         PBA version 2020111021
         Sub-Workflow: FARM-1xN-TST2-Node
         Workflow updated: -
         2025 Mar 07 (Fri):  01:37:02
         ================================================================

1xN001:  ---------------------------------------------
         Used point accuracy enhancement value: 7.00%.
         ---------------------------------------------

1xN001:  FARM allocation scheme: BBM
1xN001:  Gap-Detection activated for FARM-topology. Gaps are resolved, even partially.: gap tolerance value is 0.001000 and mesh geometry scale is 0.001000
1xN001:
1xN001:



1xN001:  ----------------------
         Acceleration mode: CPU
         ----------------------

1xN001:  Port homogenization method: M2H point index deviation
1xN001:  cccccccccccccccccccccccccccccccccccccccccccccccccccccccccccccccccccc
         FARM/Meshfill cache is set to 8 (local FI domains: 8, dynamic: true)
         cccccccccccccccccccccccccccccccccccccccccccccccccccccccccccccccccccc

1xN001:  =============================================================
         Hex cell analyzer settings:
         	max number of E fields per mesh edge: 2
         	max number of H fields per mesh face: 4
         	supporting dual grid: false
         	performance improvement: ROI limit: true
         	performance improvement: ROI threshold: 2
         	performance improvement: single topology extraction: true
         	performance improvement: pre-categorize cell volume: true
         	periodic align: 0
         	periodic cells: true
         	homogenization version: pid
         =============================================================

1xN001:  ssssssssssssssssssssssssssssssssssssssssss
         # of curls with SI accuracy enhancement: 0
         ssssssssssssssssssssssssssssssssssssssssss

1xN001:  ------------------------------------------------------------------------------
         PBA fill limit is applied in inverse mode.
         PBA fill limit is applied on faces filled with at least 98.07% metal material.
         --------------------------------------------------------------
         detailed accuracy settings:
         --------------------------------------------------------------
         augmented fill limit:       true
         augmented fill limit value: 98.07
         automatic fill limit:       true
         early fill limit:           true
         inverse fill limit:         true
         model complexity:           0.00
         legacy 2015:                false
         fixed point accuracy:       false
         minimum point accuracy:     0
         mesh step inheritance:      false
         accuracy mode:
         ------------------------------------------------------------------------------

1xN001:  =================================
         Finished matrix computation (PBA)
         =================================

1xN001:  <<<<<<<<<<<<<<<<<<<<<<<<<<<<<<<<<<<<<<<<<<<<<<<<<<<<<<<<<<<<
         2025 Mar 07 (Fri):  01:37:05
         Resource usage for calculating matrix coefficients per node:
         	Runtime                          00:00:02.00397
         	Peak Memory Estimation:                   80 MB
         	Peak Memory Usage:                        72 MB
         <<<<<<<<<<<<<<<<<<<<<<<<<<<<<<<<<<<<<<<<<<<<<<<<<<<<<<<<<<<<



1xN002:  ================================================================================================
          - pinning rule in use   : PINNING_RULE_MCALC_SKIP_ALL
          - desired group         : 0, sockets = 0
          - num cores available   : 24
          - num accessible procs          : 24
          - num logical procs             : 24
          - affinity (main thread)        : 111111111111111111111111
          - sockets                       : 0
          - potential cores               : 0,1,2,3,4,5,6,7,8,9,10,11,12,13,14,15,16,17,18,19,20,21,22,23
          - affinity                      : 111111111111111111111111
          - core list                  (3): 0,1,2,3,4,5,6,7,8,9,10,11,12,13,14,15,16,17,18,19,20,21,22,23
          - active cores          : 0,1,2,3,4,5,6,7,8,9,10,11,12,13,14,15,16,17,18,19,20,21,22,23
          - hyperthreading        : on
          - skip pinning: + allowed number of sockets = available number of sockets
                          + hyperthreading allowed by solver
         ================================================================================================

1xN002:  ===================================================================================================
         Version: 2022.0 Release from 2021-08-23 (change 895802) [Release]
         Workflow: PBA matrix coefficients
         Operation: [fpba, meshfill, bg, port-path, tst, tst-nextgen, coeff, surface-imp, connectivity-tree]
         Architecture: Windows, ID: AMD64
         System Windows-64bit
         Using processor group 0/1
         HEX Mesh information:
         Hex mesh: node: [hxr o(0 | 41 | 0) s(37 | 23 | 34) np (no TSTs): 28934]
         Hex mesh: extended: [hxr o(0 | 40 | 0) s(38 | 25 | 34) np (no TSTs): 32300]
         ===================================================================================================

1xN002:  ------------------------------------------------------
         Memory status  on node "1xN002" for matrix calculation
         	Estimated memory consumption: 0.0818513 GB
         	Physical memory installed: 34.1752 GB
         	Available physical memory: 14.168 GB
         	Available relative memory: 41.457%s
         ------------------------------------------------------

1xN002:  >>>>>>>>>>>>>>>>>>>>>>>>>>>>>>>>>>>>>>>>>>>>>>>>>
         2025 Mar 07 (Fri):  01:37:02
         started: calculating matrix coefficients per node
         >>>>>>>>>>>>>>>>>>>>>>>>>>>>>>>>>>>>>>>>>>>>>>>>>

1xN002:  ================================================================
         Matrix computation (PBA)
         	[PERFECT BOUNDARY APPROXIMATION (PBA) (R), version: default]
         	[GPU acceleration: off (by user)]
         Version 2022.0 (build 20210823)
         PBA version 2020111021
         Sub-Workflow: FARM-1xN-TST2-Node
         Workflow updated: -
         2025 Mar 07 (Fri):  01:37:02
         ================================================================

1xN002:  ---------------------------------------------
         Used point accuracy enhancement value: 7.00%.
         ---------------------------------------------

1xN002:  FARM allocation scheme: BBM
1xN002:  Gap-Detection activated for FARM-topology. Gaps are resolved, even partially.: gap tolerance value is 0.001000 and mesh geometry scale is 0.001000
1xN002:
1xN002:



1xN002:  ----------------------
         Acceleration mode: CPU
         ----------------------

1xN002:  Port homogenization method: M2H point index deviation
1xN002:  cccccccccccccccccccccccccccccccccccccccccccccccccccccccccccccccccccc
         FARM/Meshfill cache is set to 8 (local FI domains: 8, dynamic: true)
         cccccccccccccccccccccccccccccccccccccccccccccccccccccccccccccccccccc

1xN002:  =============================================================
         Hex cell analyzer settings:
         	max number of E fields per mesh edge: 2
         	max number of H fields per mesh face: 4
         	supporting dual grid: false
         	performance improvement: ROI limit: true
         	performance improvement: ROI threshold: 2
         	performance improvement: single topology extraction: true
         	performance improvement: pre-categorize cell volume: true
         	periodic align: 0
         	periodic cells: true
         	homogenization version: pid
         =============================================================

1xN002:  ssssssssssssssssssssssssssssssssssssssssss
         # of curls with SI accuracy enhancement: 0
         ssssssssssssssssssssssssssssssssssssssssss

1xN002:  ------------------------------------------------------------------------------
         PBA fill limit is applied in inverse mode.
         PBA fill limit is applied on faces filled with at least 98.07% metal material.
         --------------------------------------------------------------
         detailed accuracy settings:
         --------------------------------------------------------------
         augmented fill limit:       true
         augmented fill limit value: 98.07
         automatic fill limit:       true
         early fill limit:           true
         inverse fill limit:         true
         model complexity:           0.00
         legacy 2015:                false
         fixed point accuracy:       false
         minimum point accuracy:     0
         mesh step inheritance:      false
         accuracy mode:
         ------------------------------------------------------------------------------

1xN002:  =================================
         Finished matrix computation (PBA)
         =================================

1xN002:  <<<<<<<<<<<<<<<<<<<<<<<<<<<<<<<<<<<<<<<<<<<<<<<<<<<<<<<<<<<<
         2025 Mar 07 (Fri):  01:37:05
         Resource usage for calculating matrix coefficients per node:
         	Runtime                          00:00:02.00405
         	Peak Memory Estimation:                   82 MB
         	Peak Memory Usage:                        74 MB
         <<<<<<<<<<<<<<<<<<<<<<<<<<<<<<<<<<<<<<<<<<<<<<<<<<<<<<<<<<<<



1xN003:  ================================================================================================
          - pinning rule in use   : PINNING_RULE_MCALC_SKIP_ALL
          - desired group         : 0, sockets = 0
          - num cores available   : 24
          - num accessible procs          : 24
          - num logical procs             : 24
          - affinity (main thread)        : 111111111111111111111111
          - sockets                       : 0
          - potential cores               : 0,1,2,3,4,5,6,7,8,9,10,11,12,13,14,15,16,17,18,19,20,21,22,23
          - affinity                      : 111111111111111111111111
          - core list                  (3): 0,1,2,3,4,5,6,7,8,9,10,11,12,13,14,15,16,17,18,19,20,21,22,23
          - active cores          : 0,1,2,3,4,5,6,7,8,9,10,11,12,13,14,15,16,17,18,19,20,21,22,23
          - hyperthreading        : on
          - skip pinning: + allowed number of sockets = available number of sockets
                          + hyperthreading allowed by solver
         ================================================================================================

1xN003:  ===================================================================================================
         Version: 2022.0 Release from 2021-08-23 (change 895802) [Release]
         Workflow: PBA matrix coefficients
         Operation: [fpba, meshfill, bg, port-path, tst, tst-nextgen, coeff, surface-imp, connectivity-tree]
         Architecture: Windows, ID: AMD64
         System Windows-64bit
         Using processor group 0/1
         HEX Mesh information:
         Hex mesh: node: [hxr o(0 | 62 | 0) s(37 | 23 | 34) np (no TSTs): 28934]
         Hex mesh: extended: [hxr o(0 | 61 | 0) s(38 | 24 | 34) np (no TSTs): 31008]
         ===================================================================================================

1xN003:  ------------------------------------------------------
         Memory status  on node "1xN003" for matrix calculation
         	Estimated memory consumption: 0.0701716 GB
         	Physical memory installed: 34.1752 GB
         	Available physical memory: 14.129 GB
         	Available relative memory: 41.3428%s
         ------------------------------------------------------

1xN003:  >>>>>>>>>>>>>>>>>>>>>>>>>>>>>>>>>>>>>>>>>>>>>>>>>
         2025 Mar 07 (Fri):  01:37:02
         started: calculating matrix coefficients per node
         >>>>>>>>>>>>>>>>>>>>>>>>>>>>>>>>>>>>>>>>>>>>>>>>>

1xN003:  ================================================================
         Matrix computation (PBA)
         	[PERFECT BOUNDARY APPROXIMATION (PBA) (R), version: default]
         	[GPU acceleration: off (by user)]
         Version 2022.0 (build 20210823)
         PBA version 2020111021
         Sub-Workflow: FARM-1xN-TST2-Node
         Workflow updated: -
         2025 Mar 07 (Fri):  01:37:02
         ================================================================

1xN003:  ---------------------------------------------
         Used point accuracy enhancement value: 7.00%.
         ---------------------------------------------

1xN003:  FARM allocation scheme: BBM
1xN003:  Gap-Detection activated for FARM-topology. Gaps are resolved, even partially.: gap tolerance value is 0.001000 and mesh geometry scale is 0.001000
1xN003:
1xN003:



1xN003:  ----------------------
         Acceleration mode: CPU
         ----------------------

1xN003:  Port homogenization method: M2H point index deviation
1xN003:  cccccccccccccccccccccccccccccccccccccccccccccccccccccccccccccccccccc
         FARM/Meshfill cache is set to 8 (local FI domains: 4, dynamic: true)
         cccccccccccccccccccccccccccccccccccccccccccccccccccccccccccccccccccc

1xN003:  =============================================================
         Hex cell analyzer settings:
         	max number of E fields per mesh edge: 2
         	max number of H fields per mesh face: 4
         	supporting dual grid: false
         	performance improvement: ROI limit: true
         	performance improvement: ROI threshold: 2
         	performance improvement: single topology extraction: true
         	performance improvement: pre-categorize cell volume: true
         	periodic align: 0
         	periodic cells: true
         	homogenization version: pid
         =============================================================

1xN003:  ssssssssssssssssssssssssssssssssssssssssss
         # of curls with SI accuracy enhancement: 0
         ssssssssssssssssssssssssssssssssssssssssss

1xN003:  ------------------------------------------------------------------------------
         PBA fill limit is applied in inverse mode.
         PBA fill limit is applied on faces filled with at least 98.07% metal material.
         --------------------------------------------------------------
         detailed accuracy settings:
         --------------------------------------------------------------
         augmented fill limit:       true
         augmented fill limit value: 98.07
         automatic fill limit:       true
         early fill limit:           true
         inverse fill limit:         true
         model complexity:           0.00
         legacy 2015:                false
         fixed point accuracy:       false
         minimum point accuracy:     0
         mesh step inheritance:      false
         accuracy mode:
         ------------------------------------------------------------------------------

1xN003:  =================================
         Finished matrix computation (PBA)
         =================================

1xN003:  <<<<<<<<<<<<<<<<<<<<<<<<<<<<<<<<<<<<<<<<<<<<<<<<<<<<<<<<<<<<
         2025 Mar 07 (Fri):  01:37:04
         Resource usage for calculating matrix coefficients per node:
         	Runtime                          00:00:01.00584
         	Peak Memory Estimation:                   70 MB
         	Peak Memory Usage:                        53 MB
         <<<<<<<<<<<<<<<<<<<<<<<<<<<<<<<<<<<<<<<<<<<<<<<<<<<<<<<<<<<<



1xN004:  ================================================================================================
          - pinning rule in use   : PINNING_RULE_MCALC_SKIP_ALL
          - desired group         : 0, sockets = 0
          - num cores available   : 24
          - num accessible procs          : 24
          - num logical procs             : 24
          - affinity (main thread)        : 111111111111111111111111
          - sockets                       : 0
          - potential cores               : 0,1,2,3,4,5,6,7,8,9,10,11,12,13,14,15,16,17,18,19,20,21,22,23
          - affinity                      : 111111111111111111111111
          - core list                  (3): 0,1,2,3,4,5,6,7,8,9,10,11,12,13,14,15,16,17,18,19,20,21,22,23
          - active cores          : 0,1,2,3,4,5,6,7,8,9,10,11,12,13,14,15,16,17,18,19,20,21,22,23
          - hyperthreading        : on
          - skip pinning: + allowed number of sockets = available number of sockets
                          + hyperthreading allowed by solver
         ================================================================================================

1xN004:  ===================================================================================================
         Version: 2022.0 Release from 2021-08-23 (change 895802) [Release]
         Workflow: PBA matrix coefficients
         Operation: [fpba, meshfill, bg, port-path, tst, tst-nextgen, coeff, surface-imp, connectivity-tree]
         Architecture: Windows, ID: AMD64
         System Windows-64bit
         Using processor group 0/1
         HEX Mesh information:
         Hex mesh: node: [hxr o(35 | 0 | 0) s(20 | 31 | 34) np (no TSTs): 21080]
         Hex mesh: extended: [hxr o(34 | 0 | 0) s(22 | 32 | 34) np (no TSTs): 23936]
         ===================================================================================================

1xN004:  ------------------------------------------------------
         Memory status  on node "1xN004" for matrix calculation
         	Estimated memory consumption: 0.0748399 GB
         	Physical memory installed: 34.1752 GB
         	Available physical memory: 14.13 GB
         	Available relative memory: 41.3458%s
         ------------------------------------------------------

1xN004:  >>>>>>>>>>>>>>>>>>>>>>>>>>>>>>>>>>>>>>>>>>>>>>>>>
         2025 Mar 07 (Fri):  01:37:02
         started: calculating matrix coefficients per node
         >>>>>>>>>>>>>>>>>>>>>>>>>>>>>>>>>>>>>>>>>>>>>>>>>

1xN004:  ================================================================
         Matrix computation (PBA)
         	[PERFECT BOUNDARY APPROXIMATION (PBA) (R), version: default]
         	[GPU acceleration: off (by user)]
         Version 2022.0 (build 20210823)
         PBA version 2020111021
         Sub-Workflow: FARM-1xN-TST2-Node
         Workflow updated: -
         2025 Mar 07 (Fri):  01:37:02
         ================================================================

1xN004:  ---------------------------------------------
         Used point accuracy enhancement value: 7.00%.
         ---------------------------------------------

1xN004:  FARM allocation scheme: BBM
1xN004:  Gap-Detection activated for FARM-topology. Gaps are resolved, even partially.: gap tolerance value is 0.001000 and mesh geometry scale is 0.001000
1xN004:
1xN004:



1xN004:  ----------------------
         Acceleration mode: CPU
         ----------------------

1xN004:  Port homogenization method: M2H point index deviation
1xN004:  cccccccccccccccccccccccccccccccccccccccccccccccccccccccccccccccccccc
         FARM/Meshfill cache is set to 8 (local FI domains: 4, dynamic: true)
         cccccccccccccccccccccccccccccccccccccccccccccccccccccccccccccccccccc

1xN004:  =============================================================
         Hex cell analyzer settings:
         	max number of E fields per mesh edge: 2
         	max number of H fields per mesh face: 4
         	supporting dual grid: false
         	performance improvement: ROI limit: true
         	performance improvement: ROI threshold: 2
         	performance improvement: single topology extraction: true
         	performance improvement: pre-categorize cell volume: true
         	periodic align: 0
         	periodic cells: true
         	homogenization version: pid
         =============================================================

1xN004:  ssssssssssssssssssssssssssssssssssssssssss
         # of curls with SI accuracy enhancement: 0
         ssssssssssssssssssssssssssssssssssssssssss

1xN004:  ------------------------------------------------------------------------------
         PBA fill limit is applied in inverse mode.
         PBA fill limit is applied on faces filled with at least 98.07% metal material.
         --------------------------------------------------------------
         detailed accuracy settings:
         --------------------------------------------------------------
         augmented fill limit:       true
         augmented fill limit value: 98.07
         automatic fill limit:       true
         early fill limit:           true
         inverse fill limit:         true
         model complexity:           0.00
         legacy 2015:                false
         fixed point accuracy:       false
         minimum point accuracy:     0
         mesh step inheritance:      false
         accuracy mode:
         ------------------------------------------------------------------------------

1xN004:  =================================
         Finished matrix computation (PBA)
         =================================

1xN004:  <<<<<<<<<<<<<<<<<<<<<<<<<<<<<<<<<<<<<<<<<<<<<<<<<<<<<<<<<<<<
         2025 Mar 07 (Fri):  01:37:04
         Resource usage for calculating matrix coefficients per node:
         	Runtime                          00:00:01.00728
         	Peak Memory Estimation:                   75 MB
         	Peak Memory Usage:                        55 MB
         <<<<<<<<<<<<<<<<<<<<<<<<<<<<<<<<<<<<<<<<<<<<<<<<<<<<<<<<<<<<



1xN005:  ================================================================================================
          - pinning rule in use   : PINNING_RULE_MCALC_SKIP_ALL
          - desired group         : 0, sockets = 0
          - num cores available   : 24
          - num accessible procs          : 24
          - num logical procs             : 24
          - affinity (main thread)        : 111111111111111111111111
          - sockets                       : 0
          - potential cores               : 0,1,2,3,4,5,6,7,8,9,10,11,12,13,14,15,16,17,18,19,20,21,22,23
          - affinity                      : 111111111111111111111111
          - core list                  (3): 0,1,2,3,4,5,6,7,8,9,10,11,12,13,14,15,16,17,18,19,20,21,22,23
          - active cores          : 0,1,2,3,4,5,6,7,8,9,10,11,12,13,14,15,16,17,18,19,20,21,22,23
          - hyperthreading        : on
          - skip pinning: + allowed number of sockets = available number of sockets
                          + hyperthreading allowed by solver
         ================================================================================================

1xN005:  ===================================================================================================
         Version: 2022.0 Release from 2021-08-23 (change 895802) [Release]
         Workflow: PBA matrix coefficients
         Operation: [fpba, meshfill, bg, port-path, tst, tst-nextgen, coeff, surface-imp, connectivity-tree]
         Architecture: Windows, ID: AMD64
         System Windows-64bit
         Using processor group 0/1
         HEX Mesh information:
         Hex mesh: node: [hxr o(53 | 0 | 0) s(20 | 31 | 34) np (no TSTs): 21080]
         Hex mesh: extended: [hxr o(52 | 0 | 0) s(21 | 32 | 34) np (no TSTs): 22848]
         ===================================================================================================

1xN005:  ------------------------------------------------------
         Memory status  on node "1xN005" for matrix calculation
         	Estimated memory consumption: 0.0606608 GB
         	Physical memory installed: 34.1752 GB
         	Available physical memory: 14.033 GB
         	Available relative memory: 41.0619%s
         ------------------------------------------------------

1xN005:  >>>>>>>>>>>>>>>>>>>>>>>>>>>>>>>>>>>>>>>>>>>>>>>>>
         2025 Mar 07 (Fri):  01:37:02
         started: calculating matrix coefficients per node
         >>>>>>>>>>>>>>>>>>>>>>>>>>>>>>>>>>>>>>>>>>>>>>>>>

1xN005:  ================================================================
         Matrix computation (PBA)
         	[PERFECT BOUNDARY APPROXIMATION (PBA) (R), version: default]
         	[GPU acceleration: off (by user)]
         Version 2022.0 (build 20210823)
         PBA version 2020111021
         Sub-Workflow: FARM-1xN-TST2-Node
         Workflow updated: -
         2025 Mar 07 (Fri):  01:37:03
         ================================================================

1xN005:  ---------------------------------------------
         Used point accuracy enhancement value: 7.00%.
         ---------------------------------------------

1xN005:  FARM allocation scheme: BBM
1xN005:  Gap-Detection activated for FARM-topology. Gaps are resolved, even partially.: gap tolerance value is 0.001000 and mesh geometry scale is 0.001000
1xN005:
1xN005:



1xN005:  ----------------------
         Acceleration mode: CPU
         ----------------------

1xN005:  Port homogenization method: M2H point index deviation
1xN005:  cccccccccccccccccccccccccccccccccccccccccccccccccccccccccccccccccccc
         FARM/Meshfill cache is set to 8 (local FI domains: 2, dynamic: true)
         cccccccccccccccccccccccccccccccccccccccccccccccccccccccccccccccccccc

1xN005:  =============================================================
         Hex cell analyzer settings:
         	max number of E fields per mesh edge: 2
         	max number of H fields per mesh face: 4
         	supporting dual grid: false
         	performance improvement: ROI limit: true
         	performance improvement: ROI threshold: 2
         	performance improvement: single topology extraction: true
         	performance improvement: pre-categorize cell volume: true
         	periodic align: 0
         	periodic cells: true
         	homogenization version: pid
         =============================================================

1xN005:  ssssssssssssssssssssssssssssssssssssssssss
         # of curls with SI accuracy enhancement: 0
         ssssssssssssssssssssssssssssssssssssssssss

1xN005:  ------------------------------------------------------------------------------
         PBA fill limit is applied in inverse mode.
         PBA fill limit is applied on faces filled with at least 98.07% metal material.
         --------------------------------------------------------------
         detailed accuracy settings:
         --------------------------------------------------------------
         augmented fill limit:       true
         augmented fill limit value: 98.07
         automatic fill limit:       true
         early fill limit:           true
         inverse fill limit:         true
         model complexity:           0.00
         legacy 2015:                false
         fixed point accuracy:       false
         minimum point accuracy:     0
         mesh step inheritance:      false
         accuracy mode:
         ------------------------------------------------------------------------------

1xN005:  =================================
         Finished matrix computation (PBA)
         =================================

1xN005:  <<<<<<<<<<<<<<<<<<<<<<<<<<<<<<<<<<<<<<<<<<<<<<<<<<<<<<<<<<<<
         2025 Mar 07 (Fri):  01:37:04
         Resource usage for calculating matrix coefficients per node:
         	Runtime                          00:00:01.00252
         	Peak Memory Estimation:                   61 MB
         	Peak Memory Usage:                        44 MB
         <<<<<<<<<<<<<<<<<<<<<<<<<<<<<<<<<<<<<<<<<<<<<<<<<<<<<<<<<<<<



1xN006:  ================================================================================================
          - pinning rule in use   : PINNING_RULE_MCALC_SKIP_ALL
          - desired group         : 0, sockets = 0
          - num cores available   : 24
          - num accessible procs          : 24
          - num logical procs             : 24
          - affinity (main thread)        : 111111111111111111111111
          - sockets                       : 0
          - potential cores               : 0,1,2,3,4,5,6,7,8,9,10,11,12,13,14,15,16,17,18,19,20,21,22,23
          - affinity                      : 111111111111111111111111
          - core list                  (3): 0,1,2,3,4,5,6,7,8,9,10,11,12,13,14,15,16,17,18,19,20,21,22,23
          - active cores          : 0,1,2,3,4,5,6,7,8,9,10,11,12,13,14,15,16,17,18,19,20,21,22,23
          - hyperthreading        : on
          - skip pinning: + allowed number of sockets = available number of sockets
                          + hyperthreading allowed by solver
         ================================================================================================

1xN006:  ===================================================================================================
         Version: 2022.0 Release from 2021-08-23 (change 895802) [Release]
         Workflow: PBA matrix coefficients
         Operation: [fpba, meshfill, bg, port-path, tst, tst-nextgen, coeff, surface-imp, connectivity-tree]
         Architecture: Windows, ID: AMD64
         System Windows-64bit
         Using processor group 0/1
         HEX Mesh information:
         Hex mesh: node: [hxr o(35 | 29 | 0) s(38 | 29 | 34) np (no TSTs): 37468]
         Hex mesh: extended: [hxr o(34 | 28 | 0) s(39 | 31 | 34) np (no TSTs): 41106]
         ===================================================================================================

1xN006:  ------------------------------------------------------
         Memory status  on node "1xN006" for matrix calculation
         	Estimated memory consumption: 0.0833704 GB
         	Physical memory installed: 34.1752 GB
         	Available physical memory: 14.174 GB
         	Available relative memory: 41.4745%s
         ------------------------------------------------------

1xN006:  >>>>>>>>>>>>>>>>>>>>>>>>>>>>>>>>>>>>>>>>>>>>>>>>>
         2025 Mar 07 (Fri):  01:37:02
         started: calculating matrix coefficients per node
         >>>>>>>>>>>>>>>>>>>>>>>>>>>>>>>>>>>>>>>>>>>>>>>>>

1xN006:  ================================================================
         Matrix computation (PBA)
         	[PERFECT BOUNDARY APPROXIMATION (PBA) (R), version: default]
         	[GPU acceleration: off (by user)]
         Version 2022.0 (build 20210823)
         PBA version 2020111021
         Sub-Workflow: FARM-1xN-TST2-Node
         Workflow updated: -
         2025 Mar 07 (Fri):  01:37:02
         ================================================================

1xN006:  ---------------------------------------------
         Used point accuracy enhancement value: 7.00%.
         ---------------------------------------------

1xN006:  FARM allocation scheme: BBM
1xN006:  Gap-Detection activated for FARM-topology. Gaps are resolved, even partially.: gap tolerance value is 0.001000 and mesh geometry scale is 0.001000
1xN006:
1xN006:



1xN006:  ----------------------
         Acceleration mode: CPU
         ----------------------

1xN006:  Port homogenization method: M2H point index deviation
1xN006:  cccccccccccccccccccccccccccccccccccccccccccccccccccccccccccccccccccc
         FARM/Meshfill cache is set to 8 (local FI domains: 8, dynamic: true)
         cccccccccccccccccccccccccccccccccccccccccccccccccccccccccccccccccccc

1xN006:  =============================================================
         Hex cell analyzer settings:
         	max number of E fields per mesh edge: 2
         	max number of H fields per mesh face: 4
         	supporting dual grid: false
         	performance improvement: ROI limit: true
         	performance improvement: ROI threshold: 2
         	performance improvement: single topology extraction: true
         	performance improvement: pre-categorize cell volume: true
         	periodic align: 0
         	periodic cells: true
         	homogenization version: pid
         =============================================================

1xN006:  ssssssssssssssssssssssssssssssssssssssssss
         # of curls with SI accuracy enhancement: 0
         ssssssssssssssssssssssssssssssssssssssssss

1xN006:  ------------------------------------------------------------------------------
         PBA fill limit is applied in inverse mode.
         PBA fill limit is applied on faces filled with at least 98.07% metal material.
         --------------------------------------------------------------
         detailed accuracy settings:
         --------------------------------------------------------------
         augmented fill limit:       true
         augmented fill limit value: 98.07
         automatic fill limit:       true
         early fill limit:           true
         inverse fill limit:         true
         model complexity:           0.00
         legacy 2015:                false
         fixed point accuracy:       false
         minimum point accuracy:     0
         mesh step inheritance:      false
         accuracy mode:
         ------------------------------------------------------------------------------

1xN006:  --------------------------------------
         Glued 0 metal grid points in port area
         --------------------------------------

1xN006:  =================================
         Finished matrix computation (PBA)
         =================================

1xN006:  <<<<<<<<<<<<<<<<<<<<<<<<<<<<<<<<<<<<<<<<<<<<<<<<<<<<<<<<<<<<
         2025 Mar 07 (Fri):  01:37:06
         Resource usage for calculating matrix coefficients per node:
         	Runtime                          00:00:03.00395
         	Peak Memory Estimation:                   83 MB
         	Peak Memory Usage:                       100 MB
         <<<<<<<<<<<<<<<<<<<<<<<<<<<<<<<<<<<<<<<<<<<<<<<<<<<<<<<<<<<<



1xN007:  ================================================================================================
          - pinning rule in use   : PINNING_RULE_MCALC_SKIP_ALL
          - desired group         : 0, sockets = 0
          - num cores available   : 24
          - num accessible procs          : 24
          - num logical procs             : 24
          - affinity (main thread)        : 111111111111111111111111
          - sockets                       : 0
          - potential cores               : 0,1,2,3,4,5,6,7,8,9,10,11,12,13,14,15,16,17,18,19,20,21,22,23
          - affinity                      : 111111111111111111111111
          - core list                  (3): 0,1,2,3,4,5,6,7,8,9,10,11,12,13,14,15,16,17,18,19,20,21,22,23
          - active cores          : 0,1,2,3,4,5,6,7,8,9,10,11,12,13,14,15,16,17,18,19,20,21,22,23
          - hyperthreading        : on
          - skip pinning: + allowed number of sockets = available number of sockets
                          + hyperthreading allowed by solver
         ================================================================================================

1xN007:  ===================================================================================================
         Version: 2022.0 Release from 2021-08-23 (change 895802) [Release]
         Workflow: PBA matrix coefficients
         Operation: [fpba, meshfill, bg, port-path, tst, tst-nextgen, coeff, surface-imp, connectivity-tree]
         Architecture: Windows, ID: AMD64
         System Windows-64bit
         Using processor group 0/1
         HEX Mesh information:
         Hex mesh: node: [hxr o(35 | 56 | 0) s(38 | 29 | 34) np (no TSTs): 37468]
         Hex mesh: extended: [hxr o(34 | 55 | 0) s(39 | 30 | 34) np (no TSTs): 39780]
         ===================================================================================================

1xN007:  ------------------------------------------------------
         Memory status  on node "1xN007" for matrix calculation
         	Estimated memory consumption: 0.0750998 GB
         	Physical memory installed: 34.1752 GB
         	Available physical memory: 14.151 GB
         	Available relative memory: 41.4072%s
         ------------------------------------------------------

1xN007:  >>>>>>>>>>>>>>>>>>>>>>>>>>>>>>>>>>>>>>>>>>>>>>>>>
         2025 Mar 07 (Fri):  01:37:02
         started: calculating matrix coefficients per node
         >>>>>>>>>>>>>>>>>>>>>>>>>>>>>>>>>>>>>>>>>>>>>>>>>

1xN007:  ================================================================
         Matrix computation (PBA)
         	[PERFECT BOUNDARY APPROXIMATION (PBA) (R), version: default]
         	[GPU acceleration: off (by user)]
         Version 2022.0 (build 20210823)
         PBA version 2020111021
         Sub-Workflow: FARM-1xN-TST2-Node
         Workflow updated: -
         2025 Mar 07 (Fri):  01:37:02
         ================================================================

1xN007:  ---------------------------------------------
         Used point accuracy enhancement value: 7.00%.
         ---------------------------------------------

1xN007:  FARM allocation scheme: BBM
1xN007:  Gap-Detection activated for FARM-topology. Gaps are resolved, even partially.: gap tolerance value is 0.001000 and mesh geometry scale is 0.001000
1xN007:
1xN007:



1xN007:  ----------------------
         Acceleration mode: CPU
         ----------------------

1xN007:  Port homogenization method: M2H point index deviation
1xN007:  cccccccccccccccccccccccccccccccccccccccccccccccccccccccccccccccccccc
         FARM/Meshfill cache is set to 8 (local FI domains: 4, dynamic: true)
         cccccccccccccccccccccccccccccccccccccccccccccccccccccccccccccccccccc

1xN007:  =============================================================
         Hex cell analyzer settings:
         	max number of E fields per mesh edge: 2
         	max number of H fields per mesh face: 4
         	supporting dual grid: false
         	performance improvement: ROI limit: true
         	performance improvement: ROI threshold: 2
         	performance improvement: single topology extraction: true
         	performance improvement: pre-categorize cell volume: true
         	periodic align: 0
         	periodic cells: true
         	homogenization version: pid
         =============================================================

1xN007:  ssssssssssssssssssssssssssssssssssssssssss
         # of curls with SI accuracy enhancement: 0
         ssssssssssssssssssssssssssssssssssssssssss

1xN007:  ------------------------------------------------------------------------------
         PBA fill limit is applied in inverse mode.
         PBA fill limit is applied on faces filled with at least 98.07% metal material.
         --------------------------------------------------------------
         detailed accuracy settings:
         --------------------------------------------------------------
         augmented fill limit:       true
         augmented fill limit value: 98.07
         automatic fill limit:       true
         early fill limit:           true
         inverse fill limit:         true
         model complexity:           0.00
         legacy 2015:                false
         fixed point accuracy:       false
         minimum point accuracy:     0
         mesh step inheritance:      false
         accuracy mode:
         ------------------------------------------------------------------------------

1xN007:  =================================
         Finished matrix computation (PBA)
         =================================

1xN007:  <<<<<<<<<<<<<<<<<<<<<<<<<<<<<<<<<<<<<<<<<<<<<<<<<<<<<<<<<<<<
         2025 Mar 07 (Fri):  01:37:05
         Resource usage for calculating matrix coefficients per node:
         	Runtime                          00:00:02.00326
         	Peak Memory Estimation:                   75 MB
         	Peak Memory Usage:                        73 MB
         <<<<<<<<<<<<<<<<<<<<<<<<<<<<<<<<<<<<<<<<<<<<<<<<<<<<<<<<<<<<



<<<<<<<<<<<<<<<<<<<<<<<<<<<<<<<<<<<<<<<<<<<<<<<
2025 Mar 07 (Fri):  01:37:10
Resource usage for parallelization control:
	Runtime                      00:00:08.00600
<<<<<<<<<<<<<<<<<<<<<<<<<<<<<<<<<<<<<<<<<<<<<<<

------------------------------------------------------------------------------------------------------------------------------
PBAMeshFeedback - InfoMap: 0[ms] - SBCell navigation: Using legacy edges - CornerCorrectionLinesAndWires: 0[ms] - Write: 0[ms]
ConnectivityAXG - Load: 9[ms] - Setup: 5[ms] - Convert: 0[ms] ( Groups: 2 - Shapes: 6 - Threads: 12 ) - Write: 0[ms]
------------------------------------------------------------------------------------------------------------------------------

--------------------------------
# of staircase filled cells: 0
# of staircase filled areas: 0
# of staircase filled edges: 0
# of faces above fill limit: 0
# of edges with FPBA topology: 0
--------------------------------

