Unknown:
D:\Facultad\electromag_2\Antena_Patch\Antena_Patch_2.4GHz_2x2\CST\Path 750MHz\Result\hardware_resources.sconf
D:\Facultad\electromag_2\Antena_Patch\Antena_Patch_2.4GHz_2x2\CST\Path 750MHz\Result\Hex.gap
D:\Facultad\electromag_2\Antena_Patch\Antena_Patch_2.4GHz_2x2\CST\Path 750MHz\Result\MCalc.log
D:\Facultad\electromag_2\Antena_Patch\Antena_Patch_2.4GHz_2x2\CST\Path 750MHz\Result\ml_info.log
D:\Facultad\electromag_2\Antena_Patch\Antena_Patch_2.4GHz_2x2\CST\Path 750MHz\Result\Model.axg
D:\Facultad\electromag_2\Antena_Patch\Antena_Patch_2.4GHz_2x2\CST\Path 750MHz\Result\Model.coco
D:\Facultad\electromag_2\Antena_Patch\Antena_Patch_2.4GHz_2x2\CST\Path 750MHz\Result\Model.elg
D:\Facultad\electromag_2\Antena_Patch\Antena_Patch_2.4GHz_2x2\CST\Path 750MHz\Result\Model.log
D:\Facultad\electromag_2\Antena_Patch\Antena_Patch_2.4GHz_2x2\CST\Path 750MHz\Result\Model.sam
D:\Facultad\electromag_2\Antena_Patch\Antena_Patch_2.4GHz_2x2\CST\Path 750MHz\Result\Model.swp
D:\Facultad\electromag_2\Antena_Patch\Antena_Patch_2.4GHz_2x2\CST\Path 750MHz\Result\Model_1.sam
D:\Facultad\electromag_2\Antena_Patch\Antena_Patch_2.4GHz_2x2\CST\Path 750MHz\Result\Model_m1.sam
D:\Facultad\electromag_2\Antena_Patch\Antena_Patch_2.4GHz_2x2\CST\Path 750MHz\Result\m^fifx.dsc
D:\Facultad\electromag_2\Antena_Patch\Antena_Patch_2.4GHz_2x2\CST\Path 750MHz\Result\PBAMeshFeedback.axg
D:\Facultad\electromag_2\Antena_Patch\Antena_Patch_2.4GHz_2x2\CST\Path 750MHz\Result\PP-MCalc.log
D:\Facultad\electromag_2\Antena_Patch\Antena_Patch_2.4GHz_2x2\CST\Path 750MHz\Result\PP-Prio.log
D:\Facultad\electromag_2\Antena_Patch\Antena_Patch_2.4GHz_2x2\CST\Path 750MHz\Result\P^m^fb.slog
Mesh:
D:\Facultad\electromag_2\Antena_Patch\Antena_Patch_2.4GHz_2x2\CST\Path 750MHz\Result\MCalc.xcfd
D:\Facultad\electromag_2\Antena_Patch\Antena_Patch_2.4GHz_2x2\CST\Path 750MHz\Result\MCalcCCS_c.mson
D:\Facultad\electromag_2\Antena_Patch\Antena_Patch_2.4GHz_2x2\CST\Path 750MHz\Result\Model.fmm
D:\Facultad\electromag_2\Antena_Patch\Antena_Patch_2.4GHz_2x2\CST\Path 750MHz\Result\Model.sid
D:\Facultad\electromag_2\Antena_Patch\Antena_Patch_2.4GHz_2x2\CST\Path 750MHz\Result\Model.xcfd
D:\Facultad\electromag_2\Antena_Patch\Antena_Patch_2.4GHz_2x2\CST\Path 750MHz\Result\m^fifx.mem
D:\Facultad\electromag_2\Antena_Patch\Antena_Patch_2.4GHz_2x2\CST\Path 750MHz\Result\Port1.wgi
D:\Facultad\electromag_2\Antena_Patch\Antena_Patch_2.4GHz_2x2\CST\Path 750MHz\Result\Shapes.con
Port:
D:\Facultad\electromag_2\Antena_Patch\Antena_Patch_2.4GHz_2x2\CST\Path 750MHz\Result\adapt_Port1_e1.prt
D:\Facultad\electromag_2\Antena_Patch\Antena_Patch_2.4GHz_2x2\CST\Path 750MHz\Result\adapt_Port1_e1[2500].prt
D:\Facultad\electromag_2\Antena_Patch\Antena_Patch_2.4GHz_2x2\CST\Path 750MHz\Result\adapt_Port1_h1.prt
D:\Facultad\electromag_2\Antena_Patch\Antena_Patch_2.4GHz_2x2\CST\Path 750MHz\Result\adapt_Port1_h1[2500].prt
D:\Facultad\electromag_2\Antena_Patch\Antena_Patch_2.4GHz_2x2\CST\Path 750MHz\Result\Port1_e1.prt
D:\Facultad\electromag_2\Antena_Patch\Antena_Patch_2.4GHz_2x2\CST\Path 750MHz\Result\Port1_e1[2500].prt
D:\Facultad\electromag_2\Antena_Patch\Antena_Patch_2.4GHz_2x2\CST\Path 750MHz\Result\Port1_h1.prt
D:\Facultad\electromag_2\Antena_Patch\Antena_Patch_2.4GHz_2x2\CST\Path 750MHz\Result\Port1_h1[2500].prt
