Unknown:
D:\Facultad\electromag_2\Antena_Patch\Antena_Patch_2.4GHz_2x2\antena_patch_base\Result\Estimate (#0000).err
D:\Facultad\electromag_2\Antena_Patch\Antena_Patch_2.4GHz_2x2\antena_patch_base\Result\farfield (f=1)2D_1.ffp
D:\Facultad\electromag_2\Antena_Patch\Antena_Patch_2.4GHz_2x2\antena_patch_base\Result\farfield (f=1)_1.fme
D:\Facultad\electromag_2\Antena_Patch\Antena_Patch_2.4GHz_2x2\antena_patch_base\Result\farfield (f=2.5)2D_1.ffp
D:\Facultad\electromag_2\Antena_Patch\Antena_Patch_2.4GHz_2x2\antena_patch_base\Result\farfield (f=2.5)_1.fme
D:\Facultad\electromag_2\Antena_Patch\Antena_Patch_2.4GHz_2x2\antena_patch_base\Result\farfield (f=4)_1.fme
D:\Facultad\electromag_2\Antena_Patch\Antena_Patch_2.4GHz_2x2\antena_patch_base\Result\hardware_resources.sconf
D:\Facultad\electromag_2\Antena_Patch\Antena_Patch_2.4GHz_2x2\antena_patch_base\Result\loss (#0000)_1(1).pwr
D:\Facultad\electromag_2\Antena_Patch\Antena_Patch_2.4GHz_2x2\antena_patch_base\Result\loss (#0001)_1(1).pwr
D:\Facultad\electromag_2\Antena_Patch\Antena_Patch_2.4GHz_2x2\antena_patch_base\Result\loss (#0004)_1(1).pwr
D:\Facultad\electromag_2\Antena_Patch\Antena_Patch_2.4GHz_2x2\antena_patch_base\Result\ml_info.dat
D:\Facultad\electromag_2\Antena_Patch\Antena_Patch_2.4GHz_2x2\antena_patch_base\Result\ml_info.log
D:\Facultad\electromag_2\Antena_Patch\Antena_Patch_2.4GHz_2x2\antena_patch_base\Result\Model.log
D:\Facultad\electromag_2\Antena_Patch\Antena_Patch_2.4GHz_2x2\antena_patch_base\Result\Model.sa
D:\Facultad\electromag_2\Antena_Patch\Antena_Patch_2.4GHz_2x2\antena_patch_base\Result\SolCoef(#0000)_1(1).scf
D:\Facultad\electromag_2\Antena_Patch\Antena_Patch_2.4GHz_2x2\antena_patch_base\Result\SolCoef(#0001)_1(1).scf
D:\Facultad\electromag_2\Antena_Patch\Antena_Patch_2.4GHz_2x2\antena_patch_base\Result\SolCoef(#0002)_1(1).scf
D:\Facultad\electromag_2\Antena_Patch\Antena_Patch_2.4GHz_2x2\antena_patch_base\Result\SolCoef(#0003)_1(1).scf
D:\Facultad\electromag_2\Antena_Patch\Antena_Patch_2.4GHz_2x2\antena_patch_base\Result\SolCoef(#0004)_1(1).scf
D:\Facultad\electromag_2\Antena_Patch\Antena_Patch_2.4GHz_2x2\antena_patch_base\Result\SolCoef(#0005)_1(1).scf
D:\Facultad\electromag_2\Antena_Patch\Antena_Patch_2.4GHz_2x2\antena_patch_base\Result\SolCoef(#0006)_1(1).scf
D:\Facultad\electromag_2\Antena_Patch\Antena_Patch_2.4GHz_2x2\antena_patch_base\Result\SolCoef(#0007)_1(1).scf
D:\Facultad\electromag_2\Antena_Patch\Antena_Patch_2.4GHz_2x2\antena_patch_base\Result\SolCoef(#0008)_1(1).scf
Mesh:
D:\Facultad\electromag_2\Antena_Patch\Antena_Patch_2.4GHz_2x2\antena_patch_base\Result\3do.slim
D:\Facultad\electromag_2\Antena_Patch\Antena_Patch_2.4GHz_2x2\antena_patch_base\Result\log.tet
D:\Facultad\electromag_2\Antena_Patch\Antena_Patch_2.4GHz_2x2\antena_patch_base\Result\Mesh_Input.Entities2Mesh.tet
D:\Facultad\electromag_2\Antena_Patch\Antena_Patch_2.4GHz_2x2\antena_patch_base\Result\Mesh_Input.Options.tet
D:\Facultad\electromag_2\Antena_Patch\Antena_Patch_2.4GHz_2x2\antena_patch_base\Result\Mesh_Input.QuasiModel.tet
D:\Facultad\electromag_2\Antena_Patch\Antena_Patch_2.4GHz_2x2\antena_patch_base\Result\Mesh_Output.QuasiModel.tet
D:\Facultad\electromag_2\Antena_Patch\Antena_Patch_2.4GHz_2x2\antena_patch_base\Result\Mesh_Output.U2F.tet
D:\Facultad\electromag_2\Antena_Patch\Antena_Patch_2.4GHz_2x2\antena_patch_base\Result\mir.tet
D:\Facultad\electromag_2\Antena_Patch\Antena_Patch_2.4GHz_2x2\antena_patch_base\Result\moegeom.tet
D:\Facultad\electromag_2\Antena_Patch\Antena_Patch_2.4GHz_2x2\antena_patch_base\Result\refinementparents.tet
D:\Facultad\electromag_2\Antena_Patch\Antena_Patch_2.4GHz_2x2\antena_patch_base\Result\reftags.tet
D:\Facultad\electromag_2\Antena_Patch\Antena_Patch_2.4GHz_2x2\antena_patch_base\Result\tetquality.tet
D:\Facultad\electromag_2\Antena_Patch\Antena_Patch_2.4GHz_2x2\antena_patch_base\Result\topot.tet
Port:
D:\Facultad\electromag_2\Antena_Patch\Antena_Patch_2.4GHz_2x2\antena_patch_base\Result\Model.pmi
